mode argment OK
hold-out :0/4
downloading vgg16 weight data...
Downloading data from https://github.com/fchollet/deep-learning-models/releases/download/v0.1/vgg16_weights_tf_dim_ordering_tf_kernels_notop.h5

    8192/58889256 [..............................] - ETA: 22:39
   24576/58889256 [..............................] - ETA: 15:38
   57344/58889256 [..............................] - ETA: 10:10
   90112/58889256 [..............................] - ETA: 8:30 
  139264/58889256 [..............................] - ETA: 6:55
  212992/58889256 [..............................] - ETA: 5:27
  303104/58889256 [..............................] - ETA: 4:25
  442368/58889256 [..............................] - ETA: 3:28
  630784/58889256 [..............................] - ETA: 2:43
  876544/58889256 [..............................] - ETA: 2:10
 1114112/58889256 [..............................] - ETA: 1:45
 1138688/58889256 [..............................] - ETA: 1:50
 1376256/58889256 [..............................] - ETA: 1:33
 1392640/58889256 [..............................] - ETA: 1:37
 1605632/58889256 [..............................] - ETA: 1:26
 1654784/58889256 [..............................] - ETA: 1:28
 1867776/58889256 [..............................] - ETA: 1:20
 1916928/58889256 [..............................] - ETA: 1:21
 2105344/58889256 [>.............................] - ETA: 1:16
 2179072/58889256 [>.............................] - ETA: 1:17
 2367488/58889256 [>.............................] - ETA: 1:12
 2424832/58889256 [>.............................] - ETA: 1:13
 2596864/58889256 [>.............................] - ETA: 1:09
 2686976/58889256 [>.............................] - ETA: 1:10
 2842624/58889256 [>.............................] - ETA: 1:07
 2949120/58889256 [>.............................] - ETA: 1:07
 3121152/58889256 [>.............................] - ETA: 1:04
 3203072/58889256 [>.............................] - ETA: 1:05
 3399680/58889256 [>.............................] - ETA: 1:02
 3465216/58889256 [>.............................] - ETA: 1:04
 3645440/58889256 [>.............................] - ETA: 1:01
 3727360/58889256 [>.............................] - ETA: 1:02
 3923968/58889256 [>.............................] - ETA: 1:00
 3989504/58889256 [=>............................] - ETA: 1:01
 4145152/58889256 [=>............................] - ETA: 59s 
 4251648/58889256 [=>............................] - ETA: 1:00
 4440064/58889256 [=>............................] - ETA: 58s 
 4497408/58889256 [=>............................] - ETA: 59s
 4636672/58889256 [=>............................] - ETA: 58s
 4759552/58889256 [=>............................] - ETA: 59s
 4915200/58889256 [=>............................] - ETA: 57s
 5013504/58889256 [=>............................] - ETA: 58s
 5136384/58889256 [=>............................] - ETA: 57s
 5259264/58889256 [=>............................] - ETA: 56s
 5275648/58889256 [=>............................] - ETA: 57s
 5414912/58889256 [=>............................] - ETA: 56s
 5505024/58889256 [=>............................] - ETA: 56s
 5537792/58889256 [=>............................] - ETA: 57s
 5677056/58889256 [=>............................] - ETA: 56s
 5767168/58889256 [=>............................] - ETA: 56s
 5799936/58889256 [=>............................] - ETA: 56s
 5906432/58889256 [==>...........................] - ETA: 56s
 5988352/58889256 [==>...........................] - ETA: 55s
 6045696/58889256 [==>...........................] - ETA: 55s
 6062080/58889256 [==>...........................] - ETA: 56s
 6168576/58889256 [==>...........................] - ETA: 55s
 6250496/58889256 [==>...........................] - ETA: 55s
 6307840/58889256 [==>...........................] - ETA: 55s
 6324224/58889256 [==>...........................] - ETA: 56s
 6406144/58889256 [==>...........................] - ETA: 55s
 6512640/58889256 [==>...........................] - ETA: 55s
 6569984/58889256 [==>...........................] - ETA: 55s
 6586368/58889256 [==>...........................] - ETA: 55s
 6668288/58889256 [==>...........................] - ETA: 55s
 6758400/58889256 [==>...........................] - ETA: 55s
 6823936/58889256 [==>...........................] - ETA: 55s
 6914048/58889256 [==>...........................] - ETA: 55s
 7004160/58889256 [==>...........................] - ETA: 54s
 7069696/58889256 [==>...........................] - ETA: 54s
 7086080/58889256 [==>...........................] - ETA: 55s
 7176192/58889256 [==>...........................] - ETA: 54s
 7241728/58889256 [==>...........................] - ETA: 54s
 7331840/58889256 [==>...........................] - ETA: 54s
 7348224/58889256 [==>...........................] - ETA: 55s
 7438336/58889256 [==>...........................] - ETA: 54s
 7520256/58889256 [==>...........................] - ETA: 54s
 7577600/58889256 [==>...........................] - ETA: 54s
 7610368/58889256 [==>...........................] - ETA: 55s
 7700480/58889256 [==>...........................] - ETA: 54s
 7749632/58889256 [==>...........................] - ETA: 54s
 7839744/58889256 [==>...........................] - ETA: 54s
 7872512/58889256 [===>..........................] - ETA: 54s
 7962624/58889256 [===>..........................] - ETA: 54s
 8011776/58889256 [===>..........................] - ETA: 54s
 8101888/58889256 [===>..........................] - ETA: 54s
 8134656/58889256 [===>..........................] - ETA: 54s
 8216576/58889256 [===>..........................] - ETA: 54s
 8273920/58889256 [===>..........................] - ETA: 54s
 8355840/58889256 [===>..........................] - ETA: 56s
 8617984/58889256 [===>..........................] - ETA: 57s
 8634368/58889256 [===>..........................] - ETA: 59s
 8658944/58889256 [===>..........................] - ETA: 1:00
 8675328/58889256 [===>..........................] - ETA: 1:02
 8691712/58889256 [===>..........................] - ETA: 1:03
 8724480/58889256 [===>..........................] - ETA: 1:04
 8757248/58889256 [===>..........................] - ETA: 1:05
 8830976/58889256 [===>..........................] - ETA: 1:05
 8880128/58889256 [===>..........................] - ETA: 1:06
 8970240/58889256 [===>..........................] - ETA: 1:07
 9052160/58889256 [===>..........................] - ETA: 1:07
 9175040/58889256 [===>..........................] - ETA: 1:07
 9297920/58889256 [===>..........................] - ETA: 1:07
 9437184/58889256 [===>..........................] - ETA: 1:07
 9592832/58889256 [===>..........................] - ETA: 1:07
 9773056/58889256 [===>..........................] - ETA: 1:07
 9928704/58889256 [====>.........................] - ETA: 1:06
 9961472/58889256 [====>.........................] - ETA: 1:06
10117120/58889256 [====>.........................] - ETA: 1:05
10149888/58889256 [====>.........................] - ETA: 1:06
10305536/58889256 [====>.........................] - ETA: 1:05
10362880/58889256 [====>.........................] - ETA: 1:06
10518528/58889256 [====>.........................] - ETA: 1:05
10567680/58889256 [====>.........................] - ETA: 1:05
10706944/58889256 [====>.........................] - ETA: 1:04
10797056/58889256 [====>.........................] - ETA: 1:04
10936320/58889256 [====>.........................] - ETA: 1:04
11026432/58889256 [====>.........................] - ETA: 1:04
11182080/58889256 [====>.........................] - ETA: 1:03
11247616/58889256 [====>.........................] - ETA: 1:03
11386880/58889256 [====>.........................] - ETA: 1:03
11493376/58889256 [====>.........................] - ETA: 1:03
11632640/58889256 [====>.........................] - ETA: 1:02
11722752/58889256 [====>.........................] - ETA: 1:02
11739136/58889256 [====>.........................] - ETA: 1:02
11878400/58889256 [=====>........................] - ETA: 1:01
11960320/58889256 [=====>........................] - ETA: 1:01
11976704/58889256 [=====>........................] - ETA: 1:01
12115968/58889256 [=====>........................] - ETA: 1:01
12206080/58889256 [=====>........................] - ETA: 1:00
12238848/58889256 [=====>........................] - ETA: 1:01
12361728/58889256 [=====>........................] - ETA: 1:00
12369920/58889256 [=====>........................] - ETA: 1:11
12640256/58889256 [=====>........................] - ETA: 1:10
12902400/58889256 [=====>........................] - ETA: 1:09
13164544/58889256 [=====>........................] - ETA: 1:08
13410304/58889256 [=====>........................] - ETA: 1:07
13672448/58889256 [=====>........................] - ETA: 1:06
13926400/58889256 [======>.......................] - ETA: 1:06
14155776/58889256 [======>.......................] - ETA: 1:04
14188544/58889256 [======>.......................] - ETA: 1:05
14401536/58889256 [======>.......................] - ETA: 1:04
14450688/58889256 [======>.......................] - ETA: 1:04
14680064/58889256 [======>.......................] - ETA: 1:03
14712832/58889256 [======>.......................] - ETA: 1:03
14901248/58889256 [======>.......................] - ETA: 1:03
14974976/58889256 [======>.......................] - ETA: 1:03
15147008/58889256 [======>.......................] - ETA: 1:02
15237120/58889256 [======>.......................] - ETA: 1:02
15409152/58889256 [======>.......................] - ETA: 1:01
15482880/58889256 [======>.......................] - ETA: 1:01
15654912/58889256 [======>.......................] - ETA: 1:01
15704064/58889256 [=======>......................] - ETA: 1:01
15876096/58889256 [=======>......................] - ETA: 1:00
15900672/58889256 [=======>......................] - ETA: 1:01
16072704/58889256 [=======>......................] - ETA: 1:00
16121856/58889256 [=======>......................] - ETA: 1:00
16277504/58889256 [=======>......................] - ETA: 59s 
16334848/58889256 [=======>......................] - ETA: 1:00
16523264/58889256 [=======>......................] - ETA: 59s 
16556032/58889256 [=======>......................] - ETA: 59s
16736256/58889256 [=======>......................] - ETA: 58s
16801792/58889256 [=======>......................] - ETA: 59s
16957440/58889256 [=======>......................] - ETA: 58s
17031168/58889256 [=======>......................] - ETA: 58s
17047552/58889256 [=======>......................] - ETA: 58s
17219584/58889256 [=======>......................] - ETA: 58s
17293312/58889256 [=======>......................] - ETA: 58s
17448960/58889256 [=======>......................] - ETA: 57s
17514496/58889256 [=======>......................] - ETA: 57s
17547264/58889256 [=======>......................] - ETA: 57s
17727488/58889256 [========>.....................] - ETA: 57s
17793024/58889256 [========>.....................] - ETA: 57s
17948672/58889256 [========>.....................] - ETA: 56s
18038784/58889256 [========>.....................] - ETA: 56s
18055168/58889256 [========>.....................] - ETA: 56s
18194432/58889256 [========>.....................] - ETA: 56s
18284544/58889256 [========>.....................] - ETA: 56s
18317312/58889256 [========>.....................] - ETA: 56s
18522112/58889256 [========>.....................] - ETA: 55s
18579456/58889256 [========>.....................] - ETA: 55s
18784256/58889256 [========>.....................] - ETA: 54s
18841600/58889256 [========>.....................] - ETA: 55s
19030016/58889256 [========>.....................] - ETA: 54s
19103744/58889256 [========>.....................] - ETA: 54s
19259392/58889256 [========>.....................] - ETA: 53s
19341312/58889256 [========>.....................] - ETA: 53s
19464192/58889256 [========>.....................] - ETA: 53s
19603456/58889256 [========>.....................] - ETA: 53s
19726336/58889256 [=========>....................] - ETA: 52s
19849216/58889256 [=========>....................] - ETA: 52s
19865600/58889256 [=========>....................] - ETA: 52s
19988480/58889256 [=========>....................] - ETA: 52s
20111360/58889256 [=========>....................] - ETA: 51s
20127744/58889256 [=========>....................] - ETA: 51s
20217856/58889256 [=========>....................] - ETA: 51s
20332544/58889256 [=========>....................] - ETA: 51s
20389888/58889256 [=========>....................] - ETA: 51s
20512768/58889256 [=========>....................] - ETA: 50s
20594688/58889256 [=========>....................] - ETA: 50s
20652032/58889256 [=========>....................] - ETA: 50s
20750336/58889256 [=========>....................] - ETA: 50s
20840448/58889256 [=========>....................] - ETA: 50s
20914176/58889256 [=========>....................] - ETA: 49s
21012480/58889256 [=========>....................] - ETA: 49s
21086208/58889256 [=========>....................] - ETA: 49s
21168128/58889256 [=========>....................] - ETA: 49s
21241856/58889256 [=========>....................] - ETA: 49s
21348352/58889256 [=========>....................] - ETA: 48s
21430272/58889256 [=========>....................] - ETA: 48s
21520384/58889256 [=========>....................] - ETA: 48s
21610496/58889256 [==========>...................] - ETA: 48s
21676032/58889256 [==========>...................] - ETA: 48s
21725184/58889256 [==========>...................] - ETA: 48s
21831680/58889256 [==========>...................] - ETA: 47s
21921792/58889256 [==========>...................] - ETA: 47s
21954560/58889256 [==========>...................] - ETA: 47s
22028288/58889256 [==========>...................] - ETA: 47s
22110208/58889256 [==========>...................] - ETA: 47s
22200320/58889256 [==========>...................] - ETA: 47s
22249472/58889256 [==========>...................] - ETA: 47s
22355968/58889256 [==========>...................] - ETA: 46s
22437888/58889256 [==========>...................] - ETA: 46s
22462464/58889256 [==========>...................] - ETA: 46s
22528000/58889256 [==========>...................] - ETA: 46s
22618112/58889256 [==========>...................] - ETA: 46s
22700032/58889256 [==========>...................] - ETA: 46s
22740992/58889256 [==========>...................] - ETA: 46s
22806528/58889256 [==========>...................] - ETA: 46s
22896640/58889256 [==========>...................] - ETA: 45s
22962176/58889256 [==========>...................] - ETA: 45s
23019520/58889256 [==========>...................] - ETA: 45s
23085056/58889256 [==========>...................] - ETA: 45s
23158784/58889256 [==========>...................] - ETA: 45s
23240704/58889256 [==========>...................] - ETA: 45s
23314432/58889256 [==========>...................] - ETA: 45s
23379968/58889256 [==========>...................] - ETA: 45s
23453696/58889256 [==========>...................] - ETA: 44s
23519232/58889256 [==========>...................] - ETA: 44s
23576576/58889256 [===========>..................] - ETA: 44s
23642112/58889256 [===========>..................] - ETA: 44s
23732224/58889256 [===========>..................] - ETA: 44s
23781376/58889256 [===========>..................] - ETA: 44s
23855104/58889256 [===========>..................] - ETA: 44s
23904256/58889256 [===========>..................] - ETA: 44s
23994368/58889256 [===========>..................] - ETA: 44s
24231936/58889256 [===========>..................] - ETA: 43s
24428544/58889256 [===========>..................] - ETA: 43s
24616960/58889256 [===========>..................] - ETA: 43s
24813568/58889256 [===========>..................] - ETA: 43s
25001984/58889256 [===========>..................] - ETA: 42s
25206784/58889256 [===========>..................] - ETA: 42s
25403392/58889256 [===========>..................] - ETA: 42s
25608192/58889256 [============>.................] - ETA: 41s
25804800/58889256 [============>.................] - ETA: 41s
25821184/58889256 [============>.................] - ETA: 41s
25993216/58889256 [============>.................] - ETA: 41s
26042368/58889256 [============>.................] - ETA: 41s
26222592/58889256 [============>.................] - ETA: 40s
26255360/58889256 [============>.................] - ETA: 41s
26394624/58889256 [============>.................] - ETA: 40s
26476544/58889256 [============>.................] - ETA: 40s
26624000/58889256 [============>.................] - ETA: 40s
26689536/58889256 [============>.................] - ETA: 40s
26812416/58889256 [============>.................] - ETA: 40s
26918912/58889256 [============>.................] - ETA: 40s
27041792/58889256 [============>.................] - ETA: 39s
27140096/58889256 [============>.................] - ETA: 39s
27262976/58889256 [============>.................] - ETA: 39s
27353088/58889256 [============>.................] - ETA: 39s
27475968/58889256 [============>.................] - ETA: 39s
27574272/58889256 [=============>................] - ETA: 39s
27697152/58889256 [=============>................] - ETA: 39s
27803648/58889256 [=============>................] - ETA: 38s
27893760/58889256 [=============>................] - ETA: 38s
28016640/58889256 [=============>................] - ETA: 38s
28114944/58889256 [=============>................] - ETA: 38s
28172288/58889256 [=============>................] - ETA: 38s
28434432/58889256 [=============>................] - ETA: 38s
28483584/58889256 [=============>................] - ETA: 38s
28549120/58889256 [=============>................] - ETA: 38s
28655616/58889256 [=============>................] - ETA: 38s
28729344/58889256 [=============>................] - ETA: 38s
28794880/58889256 [=============>................] - ETA: 38s
29024256/58889256 [=============>................] - ETA: 38s
29130752/58889256 [=============>................] - ETA: 38s
29229056/58889256 [=============>................] - ETA: 38s
29245440/58889256 [=============>................] - ETA: 38s
29368320/58889256 [=============>................] - ETA: 38s
29491200/58889256 [==============>...............] - ETA: 38s
29597696/58889256 [==============>...............] - ETA: 37s
29614080/58889256 [==============>...............] - ETA: 38s
29736960/58889256 [==============>...............] - ETA: 38s
29786112/58889256 [==============>...............] - ETA: 37s
29876224/58889256 [==============>...............] - ETA: 37s
29982720/58889256 [==============>...............] - ETA: 37s
29999104/58889256 [==============>...............] - ETA: 37s
30048256/58889256 [==============>...............] - ETA: 37s
30138368/58889256 [==============>...............] - ETA: 37s
30244864/58889256 [==============>...............] - ETA: 37s
30261248/58889256 [==============>...............] - ETA: 37s
30310400/58889256 [==============>...............] - ETA: 37s
30400512/58889256 [==============>...............] - ETA: 37s
30449664/58889256 [==============>...............] - ETA: 37s
30539776/58889256 [==============>...............] - ETA: 37s
30638080/58889256 [==============>...............] - ETA: 37s
30662656/58889256 [==============>...............] - ETA: 37s
30711808/58889256 [==============>...............] - ETA: 37s
30801920/58889256 [==============>...............] - ETA: 37s
30900224/58889256 [==============>...............] - ETA: 37s
30932992/58889256 [==============>...............] - ETA: 37s
30957568/58889256 [==============>...............] - ETA: 37s
31039488/58889256 [==============>...............] - ETA: 36s
31055872/58889256 [==============>...............] - ETA: 37s
31096832/58889256 [==============>...............] - ETA: 37s
31178752/58889256 [==============>...............] - ETA: 36s
31195136/58889256 [==============>...............] - ETA: 36s
31268864/58889256 [==============>...............] - ETA: 36s
31318016/58889256 [==============>...............] - ETA: 36s
31375360/58889256 [==============>...............] - ETA: 36s
31457280/58889256 [===============>..............] - ETA: 36s
31514624/58889256 [===============>..............] - ETA: 36s
31596544/58889256 [===============>..............] - ETA: 36s
31670272/58889256 [===============>..............] - ETA: 36s
31719424/58889256 [===============>..............] - ETA: 36s
31776768/58889256 [===============>..............] - ETA: 36s
31842304/58889256 [===============>..............] - ETA: 36s
31858688/58889256 [===============>..............] - ETA: 36s
31907840/58889256 [===============>..............] - ETA: 36s
31965184/58889256 [===============>..............] - ETA: 36s
31997952/58889256 [===============>..............] - ETA: 36s
32030720/58889256 [===============>..............] - ETA: 36s
32120832/58889256 [===============>..............] - ETA: 36s
32137216/58889256 [===============>..............] - ETA: 36s
32194560/58889256 [===============>..............] - ETA: 36s
32260096/58889256 [===============>..............] - ETA: 35s
32276480/58889256 [===============>..............] - ETA: 36s
32333824/58889256 [===============>..............] - ETA: 35s
32415744/58889256 [===============>..............] - ETA: 35s
32432128/58889256 [===============>..............] - ETA: 35s
32489472/58889256 [===============>..............] - ETA: 35s
32571392/58889256 [===============>..............] - ETA: 35s
32612352/58889256 [===============>..............] - ETA: 35s
32694272/58889256 [===============>..............] - ETA: 35s
32727040/58889256 [===============>..............] - ETA: 35s
32784384/58889256 [===============>..............] - ETA: 35s
32866304/58889256 [===============>..............] - ETA: 35s
32890880/58889256 [===============>..............] - ETA: 35s
32940032/58889256 [===============>..............] - ETA: 35s
33030144/58889256 [===============>..............] - ETA: 35s
33062912/58889256 [===============>..............] - ETA: 35s
33112064/58889256 [===============>..............] - ETA: 35s
33218560/58889256 [===============>..............] - ETA: 34s
33234944/58889256 [===============>..............] - ETA: 34s
33300480/58889256 [===============>..............] - ETA: 34s
33390592/58889256 [================>.............] - ETA: 34s
33423360/58889256 [================>.............] - ETA: 34s
33497088/58889256 [================>.............] - ETA: 34s
33603584/58889256 [================>.............] - ETA: 34s
33619968/58889256 [================>.............] - ETA: 34s
33685504/58889256 [================>.............] - ETA: 34s
33792000/58889256 [================>.............] - ETA: 34s
33824768/58889256 [================>.............] - ETA: 34s
33914880/58889256 [================>.............] - ETA: 33s
34037760/58889256 [================>.............] - ETA: 33s
34119680/58889256 [================>.............] - ETA: 33s
34226176/58889256 [================>.............] - ETA: 33s
34258944/58889256 [================>.............] - ETA: 33s
34349056/58889256 [================>.............] - ETA: 33s
34471936/58889256 [================>.............] - ETA: 33s
34504704/58889256 [================>.............] - ETA: 33s
34627584/58889256 [================>.............] - ETA: 32s
34750464/58889256 [================>.............] - ETA: 32s
34766848/58889256 [================>.............] - ETA: 32s
34873344/58889256 [================>.............] - ETA: 32s
34996224/58889256 [================>.............] - ETA: 32s
35028992/58889256 [================>.............] - ETA: 32s
35119104/58889256 [================>.............] - ETA: 32s
35258368/58889256 [================>.............] - ETA: 31s
35291136/58889256 [================>.............] - ETA: 31s
35373056/58889256 [=================>............] - ETA: 31s
35512320/58889256 [=================>............] - ETA: 31s
35553280/58889256 [=================>............] - ETA: 31s
35651584/58889256 [=================>............] - ETA: 31s
35774464/58889256 [=================>............] - ETA: 31s
35790848/58889256 [=================>............] - ETA: 31s
35913728/58889256 [=================>............] - ETA: 30s
36036608/58889256 [=================>............] - ETA: 30s
36052992/58889256 [=================>............] - ETA: 30s
36159488/58889256 [=================>............] - ETA: 30s
36298752/58889256 [=================>............] - ETA: 30s
36315136/58889256 [=================>............] - ETA: 30s
36405248/58889256 [=================>............] - ETA: 30s
36544512/58889256 [=================>............] - ETA: 29s
36577280/58889256 [=================>............] - ETA: 29s
36683776/58889256 [=================>............] - ETA: 29s
36839424/58889256 [=================>............] - ETA: 29s
36929536/58889256 [=================>............] - ETA: 29s
37068800/58889256 [=================>............] - ETA: 29s
37101568/58889256 [=================>............] - ETA: 29s
37224448/58889256 [=================>............] - ETA: 28s
37363712/58889256 [==================>...........] - ETA: 28s
37445632/58889256 [==================>...........] - ETA: 28s
37601280/58889256 [==================>...........] - ETA: 28s
37625856/58889256 [==================>...........] - ETA: 28s
37707776/58889256 [==================>...........] - ETA: 28s
37863424/58889256 [==================>...........] - ETA: 27s
37879808/58889256 [==================>...........] - ETA: 28s
37994496/58889256 [==================>...........] - ETA: 27s
38125568/58889256 [==================>...........] - ETA: 27s
38232064/58889256 [==================>...........] - ETA: 27s
38371328/58889256 [==================>...........] - ETA: 27s
38387712/58889256 [==================>...........] - ETA: 27s
38477824/58889256 [==================>...........] - ETA: 27s
38617088/58889256 [==================>...........] - ETA: 26s
38649856/58889256 [==================>...........] - ETA: 26s
38715392/58889256 [==================>...........] - ETA: 26s
38838272/58889256 [==================>...........] - ETA: 26s
38912000/58889256 [==================>...........] - ETA: 26s
38977536/58889256 [==================>...........] - ETA: 26s
39100416/58889256 [==================>...........] - ETA: 26s
39174144/58889256 [==================>...........] - ETA: 26s
39239680/58889256 [==================>...........] - ETA: 26s
39346176/58889256 [===================>..........] - ETA: 25s
39378944/58889256 [===================>..........] - ETA: 25s
39485440/58889256 [===================>..........] - ETA: 25s
39641088/58889256 [===================>..........] - ETA: 25s
39747584/58889256 [===================>..........] - ETA: 25s
39829504/58889256 [===================>..........] - ETA: 25s
39936000/58889256 [===================>..........] - ETA: 25s
40009728/58889256 [===================>..........] - ETA: 25s
40132608/58889256 [===================>..........] - ETA: 24s
40198144/58889256 [===================>..........] - ETA: 24s
40321024/58889256 [===================>..........] - ETA: 24s
40411136/58889256 [===================>..........] - ETA: 24s
40550400/58889256 [===================>..........] - ETA: 24s
40615936/58889256 [===================>..........] - ETA: 24s
40755200/58889256 [===================>..........] - ETA: 23s
40845312/58889256 [===================>..........] - ETA: 23s
40984576/58889256 [===================>..........] - ETA: 23s
41066496/58889256 [===================>..........] - ETA: 23s
41205760/58889256 [===================>..........] - ETA: 23s
41295872/58889256 [====================>.........] - ETA: 23s
41451520/58889256 [====================>.........] - ETA: 22s
41541632/58889256 [====================>.........] - ETA: 22s
41680896/58889256 [====================>.........] - ETA: 22s
41762816/58889256 [====================>.........] - ETA: 22s
41902080/58889256 [====================>.........] - ETA: 22s
41918464/58889256 [====================>.........] - ETA: 22s
42024960/58889256 [====================>.........] - ETA: 22s
42164224/58889256 [====================>.........] - ETA: 21s
42180608/58889256 [====================>.........] - ETA: 21s
42270720/58889256 [====================>.........] - ETA: 21s
42409984/58889256 [====================>.........] - ETA: 21s
42426368/58889256 [====================>.........] - ETA: 21s
42516480/58889256 [====================>.........] - ETA: 21s
42655744/58889256 [====================>.........] - ETA: 21s
42672128/58889256 [====================>.........] - ETA: 21s
42778624/58889256 [====================>.........] - ETA: 20s
42934272/58889256 [====================>.........] - ETA: 20s
43016192/58889256 [====================>.........] - ETA: 20s
43188224/58889256 [=====================>........] - ETA: 20s
43278336/58889256 [=====================>........] - ETA: 20s
43433984/58889256 [=====================>........] - ETA: 19s
43540480/58889256 [=====================>........] - ETA: 19s
43696128/58889256 [=====================>........] - ETA: 19s
43802624/58889256 [=====================>........] - ETA: 19s
43958272/58889256 [=====================>........] - ETA: 19s
44064768/58889256 [=====================>........] - ETA: 19s
44220416/58889256 [=====================>........] - ETA: 18s
44326912/58889256 [=====================>........] - ETA: 18s
44449792/58889256 [=====================>........] - ETA: 18s
44482560/58889256 [=====================>........] - ETA: 18s
44589056/58889256 [=====================>........] - ETA: 18s
44728320/58889256 [=====================>........] - ETA: 18s
44744704/58889256 [=====================>........] - ETA: 18s
44826624/58889256 [=====================>........] - ETA: 17s
44982272/58889256 [=====================>........] - ETA: 17s
45006848/58889256 [=====================>........] - ETA: 17s
45088768/58889256 [=====================>........] - ETA: 17s
45244416/58889256 [======================>.......] - ETA: 17s
45350912/58889256 [======================>.......] - ETA: 17s
45506560/58889256 [======================>.......] - ETA: 17s
45629440/58889256 [======================>.......] - ETA: 16s
45768704/58889256 [======================>.......] - ETA: 16s
45875200/58889256 [======================>.......] - ETA: 16s
46014464/58889256 [======================>.......] - ETA: 16s
46030848/58889256 [======================>.......] - ETA: 16s
46137344/58889256 [======================>.......] - ETA: 16s
46292992/58889256 [======================>.......] - ETA: 15s
46391296/58889256 [======================>.......] - ETA: 15s
46538752/58889256 [======================>.......] - ETA: 15s
46555136/58889256 [======================>.......] - ETA: 15s
46637056/58889256 [======================>.......] - ETA: 15s
46792704/58889256 [======================>.......] - ETA: 15s
46817280/58889256 [======================>.......] - ETA: 15s
46899200/58889256 [======================>.......] - ETA: 15s
47054848/58889256 [======================>.......] - ETA: 14s
47071232/58889256 [======================>.......] - ETA: 14s
47161344/58889256 [=======================>......] - ETA: 14s
47300608/58889256 [=======================>......] - ETA: 14s
47316992/58889256 [=======================>......] - ETA: 14s
47423488/58889256 [=======================>......] - ETA: 14s
47456256/58889256 [=======================>......] - ETA: 14s
47718400/58889256 [=======================>......] - ETA: 14s
47734784/58889256 [=======================>......] - ETA: 14s
47751168/58889256 [=======================>......] - ETA: 14s
47792128/58889256 [=======================>......] - ETA: 14s
47808512/58889256 [=======================>......] - ETA: 14s
47857664/58889256 [=======================>......] - ETA: 14s
47906816/58889256 [=======================>......] - ETA: 14s
47996928/58889256 [=======================>......] - ETA: 14s
48103424/58889256 [=======================>......] - ETA: 13s
48242688/58889256 [=======================>......] - ETA: 13s
48431104/58889256 [=======================>......] - ETA: 13s
48627712/58889256 [=======================>......] - ETA: 13s
48832512/58889256 [=======================>......] - ETA: 12s
49045504/58889256 [=======================>......] - ETA: 12s
49266688/58889256 [========================>.....] - ETA: 12s
49479680/58889256 [========================>.....] - ETA: 12s
49717248/58889256 [========================>.....] - ETA: 11s
49946624/58889256 [========================>.....] - ETA: 11s
50192384/58889256 [========================>.....] - ETA: 11s
50438144/58889256 [========================>.....] - ETA: 10s
50675712/58889256 [========================>.....] - ETA: 10s
50921472/58889256 [========================>.....] - ETA: 10s
51183616/58889256 [=========================>....] - ETA: 9s 
51429376/58889256 [=========================>....] - ETA: 9s
51691520/58889256 [=========================>....] - ETA: 9s
51945472/58889256 [=========================>....] - ETA: 8s
52191232/58889256 [=========================>....] - ETA: 8s
52453376/58889256 [=========================>....] - ETA: 8s
52715520/58889256 [=========================>....] - ETA: 7s
52977664/58889256 [=========================>....] - ETA: 7s
53239808/58889256 [==========================>...] - ETA: 7s
53501952/58889256 [==========================>...] - ETA: 6s
53755904/58889256 [==========================>...] - ETA: 6s
54018048/58889256 [==========================>...] - ETA: 6s
54280192/58889256 [==========================>...] - ETA: 5s
54525952/58889256 [==========================>...] - ETA: 5s
54788096/58889256 [==========================>...] - ETA: 5s
55050240/58889256 [===========================>..] - ETA: 4s
55287808/58889256 [===========================>..] - ETA: 4s
55312384/58889256 [===========================>..] - ETA: 4s
55566336/58889256 [===========================>..] - ETA: 4s
55828480/58889256 [===========================>..] - ETA: 3s
56074240/58889256 [===========================>..] - ETA: 3s
56090624/58889256 [===========================>..] - ETA: 3s
56352768/58889256 [===========================>..] - ETA: 3s
56598528/58889256 [===========================>..] - ETA: 2s
56860672/58889256 [===========================>..] - ETA: 2s
57122816/58889256 [============================>.] - ETA: 2s
57376768/58889256 [============================>.] - ETA: 1s
57638912/58889256 [============================>.] - ETA: 1s
57901056/58889256 [============================>.] - ETA: 1s
58163200/58889256 [============================>.] - ETA: 0s
58425344/58889256 [============================>.] - ETA: 0s
58687488/58889256 [============================>.] - ETA: 0s
58892288/58889256 [==============================] - 71s 1us/step
*********download success*********
_________________________________________________________________
Layer (type)                 Output Shape              Param #   
=================================================================
input_1 (InputLayer)         (None, 75, 75, 3)         0         
_________________________________________________________________
block1_conv1 (Conv2D)        (None, 75, 75, 64)        1792      
_________________________________________________________________
block1_conv2 (Conv2D)        (None, 75, 75, 64)        36928     
_________________________________________________________________
block1_pool (MaxPooling2D)   (None, 37, 37, 64)        0         
_________________________________________________________________
block2_conv1 (Conv2D)        (None, 37, 37, 128)       73856     
_________________________________________________________________
block2_conv2 (Conv2D)        (None, 37, 37, 128)       147584    
_________________________________________________________________
block2_pool (MaxPooling2D)   (None, 18, 18, 128)       0         
_________________________________________________________________
block3_conv1 (Conv2D)        (None, 18, 18, 256)       295168    
_________________________________________________________________
block3_conv2 (Conv2D)        (None, 18, 18, 256)       590080    
_________________________________________________________________
block3_conv3 (Conv2D)        (None, 18, 18, 256)       590080    
_________________________________________________________________
block3_pool (MaxPooling2D)   (None, 9, 9, 256)         0         
_________________________________________________________________
block4_conv1 (Conv2D)        (None, 9, 9, 512)         1180160   
_________________________________________________________________
block4_conv2 (Conv2D)        (None, 9, 9, 512)         2359808   
_________________________________________________________________
block4_conv3 (Conv2D)        (None, 9, 9, 512)         2359808   
_________________________________________________________________
block4_pool (MaxPooling2D)   (None, 4, 4, 512)         0         
_________________________________________________________________
block5_conv1 (Conv2D)        (None, 4, 4, 512)         2359808   
_________________________________________________________________
block5_conv2 (Conv2D)        (None, 4, 4, 512)         2359808   
_________________________________________________________________
block5_conv3 (Conv2D)        (None, 4, 4, 512)         2359808   
_________________________________________________________________
block5_pool (MaxPooling2D)   (None, 2, 2, 512)         0         
_________________________________________________________________
sequential_1 (Sequential)    (None, 2)                 4098      
=================================================================
Total params: 14,718,786
Trainable params: 14,718,786
Non-trainable params: 0
_________________________________________________________________
****train data reading:..\data\output\train/0/*/0/*.jpg
****train data reading:..\data\output\train/0/*/1/*.jpg
****valid data reading:..\data\output\valid/0/*/0/*.jpg
****valid data reading:..\data\output\valid/0/*/1/*.jpg
Train on 2152 samples, validate on 2552 samples
Epoch 1/2

  32/2152 [..............................] - ETA: 9:28 - loss: 0.7803 - acc: 0.6250
  64/2152 [..............................] - ETA: 9:15 - loss: 0.7471 - acc: 0.5938
  96/2152 [>.............................] - ETA: 9:05 - loss: 0.7137 - acc: 0.6042
 128/2152 [>.............................] - ETA: 8:54 - loss: 0.6944 - acc: 0.6172
 160/2152 [=>............................] - ETA: 8:46 - loss: 0.6435 - acc: 0.6438
 192/2152 [=>............................] - ETA: 8:37 - loss: 0.6297 - acc: 0.6510
 224/2152 [==>...........................] - ETA: 8:29 - loss: 0.6240 - acc: 0.6607
 256/2152 [==>...........................] - ETA: 8:21 - loss: 0.5903 - acc: 0.6836
 288/2152 [===>..........................] - ETA: 8:15 - loss: 0.5738 - acc: 0.6944
 320/2152 [===>..........................] - ETA: 8:07 - loss: 0.5403 - acc: 0.7156
 352/2152 [===>..........................] - ETA: 7:58 - loss: 0.5050 - acc: 0.7358
 384/2152 [====>.........................] - ETA: 7:50 - loss: 0.5348 - acc: 0.7318
 416/2152 [====>.........................] - ETA: 7:42 - loss: 0.5479 - acc: 0.7236
 448/2152 [=====>........................] - ETA: 7:34 - loss: 0.5419 - acc: 0.7254
 480/2152 [=====>........................] - ETA: 7:26 - loss: 0.5282 - acc: 0.7375
 512/2152 [======>.......................] - ETA: 7:18 - loss: 0.5289 - acc: 0.7402
 544/2152 [======>.......................] - ETA: 7:09 - loss: 0.5132 - acc: 0.7482
 576/2152 [=======>......................] - ETA: 7:00 - loss: 0.4989 - acc: 0.7569
 608/2152 [=======>......................] - ETA: 6:51 - loss: 0.4807 - acc: 0.7648
 640/2152 [=======>......................] - ETA: 6:43 - loss: 0.4631 - acc: 0.7734
 672/2152 [========>.....................] - ETA: 6:34 - loss: 0.4533 - acc: 0.7798
 704/2152 [========>.....................] - ETA: 6:25 - loss: 0.4418 - acc: 0.7855
 736/2152 [=========>....................] - ETA: 6:16 - loss: 0.4349 - acc: 0.7908
 768/2152 [=========>....................] - ETA: 6:08 - loss: 0.4262 - acc: 0.7969
 800/2152 [==========>...................] - ETA: 6:01 - loss: 0.4174 - acc: 0.8013
 832/2152 [==========>...................] - ETA: 5:53 - loss: 0.4098 - acc: 0.8053
 864/2152 [===========>..................] - ETA: 5:45 - loss: 0.4034 - acc: 0.8090
 896/2152 [===========>..................] - ETA: 5:36 - loss: 0.4024 - acc: 0.8125
 928/2152 [===========>..................] - ETA: 5:27 - loss: 0.3930 - acc: 0.8179
 960/2152 [============>.................] - ETA: 5:19 - loss: 0.3947 - acc: 0.8187
 992/2152 [============>.................] - ETA: 5:11 - loss: 0.3982 - acc: 0.8145
1024/2152 [=============>................] - ETA: 5:02 - loss: 0.3912 - acc: 0.8184
1056/2152 [=============>................] - ETA: 4:54 - loss: 0.3825 - acc: 0.8229
1088/2152 [==============>...............] - ETA: 4:45 - loss: 0.3761 - acc: 0.8263
1120/2152 [==============>...............] - ETA: 4:37 - loss: 0.3699 - acc: 0.8277
1152/2152 [===============>..............] - ETA: 4:30 - loss: 0.3715 - acc: 0.8290
1184/2152 [===============>..............] - ETA: 4:21 - loss: 0.3661 - acc: 0.8311
1216/2152 [===============>..............] - ETA: 4:12 - loss: 0.3647 - acc: 0.8322
1248/2152 [================>.............] - ETA: 4:04 - loss: 0.3580 - acc: 0.8365
1280/2152 [================>.............] - ETA: 3:55 - loss: 0.3541 - acc: 0.8367
1312/2152 [=================>............] - ETA: 3:46 - loss: 0.3482 - acc: 0.8392
1344/2152 [=================>............] - ETA: 3:37 - loss: 0.3440 - acc: 0.8415
1376/2152 [==================>...........] - ETA: 3:28 - loss: 0.3404 - acc: 0.8438
1408/2152 [==================>...........] - ETA: 3:20 - loss: 0.3366 - acc: 0.8452
1440/2152 [===================>..........] - ETA: 3:11 - loss: 0.3395 - acc: 0.8465
1472/2152 [===================>..........] - ETA: 3:02 - loss: 0.3374 - acc: 0.8465
1504/2152 [===================>..........] - ETA: 2:54 - loss: 0.3328 - acc: 0.8491
1536/2152 [====================>.........] - ETA: 2:45 - loss: 0.3277 - acc: 0.8509
1568/2152 [====================>.........] - ETA: 2:36 - loss: 0.3230 - acc: 0.8533
1600/2152 [=====================>........] - ETA: 2:28 - loss: 0.3208 - acc: 0.8544
1632/2152 [=====================>........] - ETA: 2:19 - loss: 0.3172 - acc: 0.8566
1664/2152 [======================>.......] - ETA: 2:10 - loss: 0.3171 - acc: 0.8576
1696/2152 [======================>.......] - ETA: 2:02 - loss: 0.3200 - acc: 0.8567
1728/2152 [=======================>......] - ETA: 1:53 - loss: 0.3236 - acc: 0.8565
1760/2152 [=======================>......] - ETA: 1:45 - loss: 0.3191 - acc: 0.8580
1792/2152 [=======================>......] - ETA: 1:36 - loss: 0.3145 - acc: 0.8599
1824/2152 [========================>.....] - ETA: 1:27 - loss: 0.3130 - acc: 0.8613
1856/2152 [========================>.....] - ETA: 1:19 - loss: 0.3148 - acc: 0.8610
1888/2152 [=========================>....] - ETA: 1:10 - loss: 0.3135 - acc: 0.8618
1920/2152 [=========================>....] - ETA: 1:02 - loss: 0.3124 - acc: 0.8630
1952/2152 [==========================>...] - ETA: 53s - loss: 0.3093 - acc: 0.8642 
1984/2152 [==========================>...] - ETA: 45s - loss: 0.3053 - acc: 0.8664
2016/2152 [===========================>..] - ETA: 36s - loss: 0.3047 - acc: 0.8671
2048/2152 [===========================>..] - ETA: 27s - loss: 0.3022 - acc: 0.8687
2080/2152 [===========================>..] - ETA: 19s - loss: 0.3013 - acc: 0.8683
2112/2152 [============================>.] - ETA: 10s - loss: 0.3000 - acc: 0.8684
2144/2152 [============================>.] - ETA: 2s - loss: 0.2991 - acc: 0.8689 
2152/2152 [==============================] - 781s 363ms/step - loss: 0.2992 - acc: 0.8690 - val_loss: 0.3356 - val_acc: 0.8766
Epoch 2/2

  32/2152 [..............................] - ETA: 9:20 - loss: 0.0987 - acc: 0.9688
  64/2152 [..............................] - ETA: 9:14 - loss: 0.0725 - acc: 0.9688
  96/2152 [>.............................] - ETA: 9:05 - loss: 0.0813 - acc: 0.9688
 128/2152 [>.............................] - ETA: 8:56 - loss: 0.0720 - acc: 0.9766
 160/2152 [=>............................] - ETA: 8:49 - loss: 0.0836 - acc: 0.9750
 192/2152 [=>............................] - ETA: 8:40 - loss: 0.0768 - acc: 0.9792
 224/2152 [==>...........................] - ETA: 8:32 - loss: 0.0742 - acc: 0.9821
 256/2152 [==>...........................] - ETA: 8:23 - loss: 0.0773 - acc: 0.9766
 288/2152 [===>..........................] - ETA: 8:15 - loss: 0.0703 - acc: 0.9792
 320/2152 [===>..........................] - ETA: 8:05 - loss: 0.0712 - acc: 0.9781
 352/2152 [===>..........................] - ETA: 7:57 - loss: 0.0702 - acc: 0.9773
 384/2152 [====>.........................] - ETA: 7:49 - loss: 0.0676 - acc: 0.9792
 416/2152 [====>.........................] - ETA: 7:41 - loss: 0.0653 - acc: 0.9784
 448/2152 [=====>........................] - ETA: 7:32 - loss: 0.0642 - acc: 0.9777
 480/2152 [=====>........................] - ETA: 7:24 - loss: 0.0745 - acc: 0.9750
 512/2152 [======>.......................] - ETA: 7:16 - loss: 0.0869 - acc: 0.9688
 544/2152 [======>.......................] - ETA: 7:07 - loss: 0.0909 - acc: 0.9669
 576/2152 [=======>......................] - ETA: 6:59 - loss: 0.1100 - acc: 0.9601
 608/2152 [=======>......................] - ETA: 6:50 - loss: 0.1085 - acc: 0.9589
 640/2152 [=======>......................] - ETA: 6:41 - loss: 0.1133 - acc: 0.9578
 672/2152 [========>.....................] - ETA: 6:33 - loss: 0.1107 - acc: 0.9598
 704/2152 [========>.....................] - ETA: 6:24 - loss: 0.1088 - acc: 0.9616
 736/2152 [=========>....................] - ETA: 6:16 - loss: 0.1098 - acc: 0.9606
 768/2152 [=========>....................] - ETA: 6:08 - loss: 0.1126 - acc: 0.9609
 800/2152 [==========>...................] - ETA: 5:59 - loss: 0.1130 - acc: 0.9613
 832/2152 [==========>...................] - ETA: 5:51 - loss: 0.1117 - acc: 0.9615
 864/2152 [===========>..................] - ETA: 5:42 - loss: 0.1104 - acc: 0.9630
 896/2152 [===========>..................] - ETA: 5:34 - loss: 0.1105 - acc: 0.9621
 928/2152 [===========>..................] - ETA: 5:26 - loss: 0.1077 - acc: 0.9634
 960/2152 [============>.................] - ETA: 5:17 - loss: 0.1074 - acc: 0.9635
 992/2152 [============>.................] - ETA: 5:09 - loss: 0.1080 - acc: 0.9637
1024/2152 [=============>................] - ETA: 5:00 - loss: 0.1131 - acc: 0.9600
1056/2152 [=============>................] - ETA: 4:52 - loss: 0.1109 - acc: 0.9612
1088/2152 [==============>...............] - ETA: 4:44 - loss: 0.1106 - acc: 0.9614
1120/2152 [==============>...............] - ETA: 4:35 - loss: 0.1089 - acc: 0.9625
1152/2152 [===============>..............] - ETA: 4:27 - loss: 0.1118 - acc: 0.9609
1184/2152 [===============>..............] - ETA: 4:18 - loss: 0.1101 - acc: 0.9620
1216/2152 [===============>..............] - ETA: 4:10 - loss: 0.1099 - acc: 0.9622
1248/2152 [================>.............] - ETA: 4:01 - loss: 0.1099 - acc: 0.9615
1280/2152 [================>.............] - ETA: 3:52 - loss: 0.1076 - acc: 0.9625
1312/2152 [=================>............] - ETA: 3:44 - loss: 0.1057 - acc: 0.9634
1344/2152 [=================>............] - ETA: 3:35 - loss: 0.1037 - acc: 0.9643
1376/2152 [==================>...........] - ETA: 3:27 - loss: 0.1017 - acc: 0.9651
1408/2152 [==================>...........] - ETA: 3:18 - loss: 0.1004 - acc: 0.9652
1440/2152 [===================>..........] - ETA: 3:10 - loss: 0.0988 - acc: 0.9660
1472/2152 [===================>..........] - ETA: 3:01 - loss: 0.0987 - acc: 0.9654
1504/2152 [===================>..........] - ETA: 2:53 - loss: 0.0988 - acc: 0.9654
1536/2152 [====================>.........] - ETA: 2:44 - loss: 0.0990 - acc: 0.9655
1568/2152 [====================>.........] - ETA: 2:36 - loss: 0.0974 - acc: 0.9662
1600/2152 [=====================>........] - ETA: 2:27 - loss: 0.0988 - acc: 0.9650
1632/2152 [=====================>........] - ETA: 2:19 - loss: 0.0973 - acc: 0.9657
1664/2152 [======================>.......] - ETA: 2:10 - loss: 0.0979 - acc: 0.9657
1696/2152 [======================>.......] - ETA: 2:02 - loss: 0.0978 - acc: 0.9658
1728/2152 [=======================>......] - ETA: 1:53 - loss: 0.1021 - acc: 0.9647
1760/2152 [=======================>......] - ETA: 1:44 - loss: 0.1038 - acc: 0.9636
1792/2152 [=======================>......] - ETA: 1:36 - loss: 0.1028 - acc: 0.9643
1824/2152 [========================>.....] - ETA: 1:27 - loss: 0.1081 - acc: 0.9622
1856/2152 [========================>.....] - ETA: 1:19 - loss: 0.1090 - acc: 0.9617
1888/2152 [=========================>....] - ETA: 1:10 - loss: 0.1110 - acc: 0.9613
1920/2152 [=========================>....] - ETA: 1:02 - loss: 0.1124 - acc: 0.9609
1952/2152 [==========================>...] - ETA: 53s - loss: 0.1160 - acc: 0.9595 
1984/2152 [==========================>...] - ETA: 45s - loss: 0.1163 - acc: 0.9592
2016/2152 [===========================>..] - ETA: 36s - loss: 0.1152 - acc: 0.9598
2048/2152 [===========================>..] - ETA: 27s - loss: 0.1148 - acc: 0.9595
2080/2152 [===========================>..] - ETA: 19s - loss: 0.1146 - acc: 0.9596
2112/2152 [============================>.] - ETA: 10s - loss: 0.1148 - acc: 0.9598
2144/2152 [============================>.] - ETA: 2s - loss: 0.1135 - acc: 0.9604 
2152/2152 [==============================] - 784s 364ms/step - loss: 0.1152 - acc: 0.9600 - val_loss: 1.3396 - val_acc: 0.5741
hold-out :1/4
downloading vgg16 weight data...
*********download success*********
****train data reading:..\data\output\train/1/*/0/*.jpg
****train data reading:..\data\output\train/1/*/1/*.jpg
****valid data reading:..\data\output\valid/1/*/0/*.jpg
****valid data reading:..\data\output\valid/1/*/1/*.jpg
Train on 2152 samples, validate on 2552 samples
Epoch 1/2

  32/2152 [..............................] - ETA: 9:40 - loss: 0.8646 - acc: 0.4062
  64/2152 [..............................] - ETA: 9:28 - loss: 0.8246 - acc: 0.4219
  96/2152 [>.............................] - ETA: 9:16 - loss: 0.7916 - acc: 0.4479
 128/2152 [>.............................] - ETA: 9:07 - loss: 0.7647 - acc: 0.4766
 160/2152 [=>............................] - ETA: 8:56 - loss: 0.7343 - acc: 0.5125
 192/2152 [=>............................] - ETA: 8:47 - loss: 0.7071 - acc: 0.5469
 224/2152 [==>...........................] - ETA: 8:39 - loss: 0.6775 - acc: 0.5848
 256/2152 [==>...........................] - ETA: 8:29 - loss: 0.6445 - acc: 0.6250
 288/2152 [===>..........................] - ETA: 8:19 - loss: 0.6284 - acc: 0.6319
 320/2152 [===>..........................] - ETA: 8:11 - loss: 0.6085 - acc: 0.6438
 352/2152 [===>..........................] - ETA: 8:02 - loss: 0.5815 - acc: 0.6676
 384/2152 [====>.........................] - ETA: 7:53 - loss: 0.5661 - acc: 0.6745
 416/2152 [====>.........................] - ETA: 7:44 - loss: 0.5584 - acc: 0.6851
 448/2152 [=====>........................] - ETA: 7:36 - loss: 0.5533 - acc: 0.6942
 480/2152 [=====>........................] - ETA: 7:27 - loss: 0.5355 - acc: 0.7063
 512/2152 [======>.......................] - ETA: 7:18 - loss: 0.5101 - acc: 0.7227
 544/2152 [======>.......................] - ETA: 7:10 - loss: 0.5042 - acc: 0.7316
 576/2152 [=======>......................] - ETA: 7:01 - loss: 0.4874 - acc: 0.7396
 608/2152 [=======>......................] - ETA: 6:53 - loss: 0.4844 - acc: 0.7401
 640/2152 [=======>......................] - ETA: 6:44 - loss: 0.4756 - acc: 0.7453
 672/2152 [========>.....................] - ETA: 6:36 - loss: 0.4604 - acc: 0.7530
 704/2152 [========>.....................] - ETA: 6:28 - loss: 0.4721 - acc: 0.7557
 736/2152 [=========>....................] - ETA: 6:19 - loss: 0.4624 - acc: 0.7609
 768/2152 [=========>....................] - ETA: 6:11 - loss: 0.4509 - acc: 0.7682
 800/2152 [==========>...................] - ETA: 6:02 - loss: 0.4414 - acc: 0.7725
 832/2152 [==========>...................] - ETA: 5:54 - loss: 0.4308 - acc: 0.7788
 864/2152 [===========>..................] - ETA: 5:45 - loss: 0.4240 - acc: 0.7824
 896/2152 [===========>..................] - ETA: 5:36 - loss: 0.4161 - acc: 0.7891
 928/2152 [===========>..................] - ETA: 5:28 - loss: 0.4059 - acc: 0.7942
 960/2152 [============>.................] - ETA: 5:19 - loss: 0.4015 - acc: 0.7958
 992/2152 [============>.................] - ETA: 5:10 - loss: 0.3948 - acc: 0.7994
1024/2152 [=============>................] - ETA: 5:02 - loss: 0.3858 - acc: 0.8047
1056/2152 [=============>................] - ETA: 4:53 - loss: 0.3816 - acc: 0.8068
1088/2152 [==============>...............] - ETA: 4:45 - loss: 0.3803 - acc: 0.8097
1120/2152 [==============>...............] - ETA: 4:36 - loss: 0.3722 - acc: 0.8143
1152/2152 [===============>..............] - ETA: 4:27 - loss: 0.3673 - acc: 0.8168
1184/2152 [===============>..............] - ETA: 4:19 - loss: 0.3643 - acc: 0.8201
1216/2152 [===============>..............] - ETA: 4:10 - loss: 0.3725 - acc: 0.8191
1248/2152 [================>.............] - ETA: 4:02 - loss: 0.3779 - acc: 0.8181
1280/2152 [================>.............] - ETA: 3:53 - loss: 0.3764 - acc: 0.8195
1312/2152 [=================>............] - ETA: 3:44 - loss: 0.3727 - acc: 0.8216
1344/2152 [=================>............] - ETA: 3:36 - loss: 0.3673 - acc: 0.8251
1376/2152 [==================>...........] - ETA: 3:27 - loss: 0.3608 - acc: 0.8285
1408/2152 [==================>...........] - ETA: 3:19 - loss: 0.3559 - acc: 0.8303
1440/2152 [===================>..........] - ETA: 3:10 - loss: 0.3501 - acc: 0.8340
1472/2152 [===================>..........] - ETA: 3:02 - loss: 0.3460 - acc: 0.8370
1504/2152 [===================>..........] - ETA: 2:53 - loss: 0.3428 - acc: 0.8391
1536/2152 [====================>.........] - ETA: 2:44 - loss: 0.3375 - acc: 0.8424
1568/2152 [====================>.........] - ETA: 2:36 - loss: 0.3340 - acc: 0.8438
1600/2152 [=====================>........] - ETA: 2:27 - loss: 0.3292 - acc: 0.8462
1632/2152 [=====================>........] - ETA: 2:19 - loss: 0.3262 - acc: 0.8480
1664/2152 [======================>.......] - ETA: 2:10 - loss: 0.3237 - acc: 0.8486
1696/2152 [======================>.......] - ETA: 2:02 - loss: 0.3240 - acc: 0.8491
1728/2152 [=======================>......] - ETA: 1:53 - loss: 0.3264 - acc: 0.8484
1760/2152 [=======================>......] - ETA: 1:45 - loss: 0.3455 - acc: 0.8443
1792/2152 [=======================>......] - ETA: 1:36 - loss: 0.3777 - acc: 0.8432
1824/2152 [========================>.....] - ETA: 1:27 - loss: 0.3793 - acc: 0.8427
1856/2152 [========================>.....] - ETA: 1:19 - loss: 0.3770 - acc: 0.8443
1888/2152 [=========================>....] - ETA: 1:10 - loss: 0.3778 - acc: 0.8422
1920/2152 [=========================>....] - ETA: 1:02 - loss: 0.3770 - acc: 0.8432
1952/2152 [==========================>...] - ETA: 53s - loss: 0.3751 - acc: 0.8453 
1984/2152 [==========================>...] - ETA: 45s - loss: 0.3750 - acc: 0.8458
2016/2152 [===========================>..] - ETA: 36s - loss: 0.3748 - acc: 0.8462
2048/2152 [===========================>..] - ETA: 27s - loss: 0.3730 - acc: 0.8486
2080/2152 [===========================>..] - ETA: 19s - loss: 0.3727 - acc: 0.8481
2112/2152 [============================>.] - ETA: 10s - loss: 0.3707 - acc: 0.8499
2144/2152 [============================>.] - ETA: 2s - loss: 0.3678 - acc: 0.8512 
2152/2152 [==============================] - 782s 363ms/step - loss: 0.3674 - acc: 0.8513 - val_loss: 0.3190 - val_acc: 0.8687
Epoch 2/2

  32/2152 [..............................] - ETA: 9:29 - loss: 0.2020 - acc: 0.9062
  64/2152 [..............................] - ETA: 9:16 - loss: 0.2767 - acc: 0.8281
  96/2152 [>.............................] - ETA: 9:05 - loss: 0.2779 - acc: 0.8333
 128/2152 [>.............................] - ETA: 9:01 - loss: 0.2826 - acc: 0.8359
 160/2152 [=>............................] - ETA: 8:51 - loss: 0.2720 - acc: 0.8562
 192/2152 [=>............................] - ETA: 8:43 - loss: 0.2693 - acc: 0.8646
 224/2152 [==>...........................] - ETA: 8:34 - loss: 0.2781 - acc: 0.8750
 256/2152 [==>...........................] - ETA: 8:25 - loss: 0.2626 - acc: 0.8789
 288/2152 [===>..........................] - ETA: 8:17 - loss: 0.2407 - acc: 0.8924
 320/2152 [===>..........................] - ETA: 8:08 - loss: 0.2243 - acc: 0.9031
 352/2152 [===>..........................] - ETA: 8:00 - loss: 0.2119 - acc: 0.9119
 384/2152 [====>.........................] - ETA: 7:51 - loss: 0.2051 - acc: 0.9141
 416/2152 [====>.........................] - ETA: 7:43 - loss: 0.2032 - acc: 0.9135
 448/2152 [=====>........................] - ETA: 7:34 - loss: 0.2026 - acc: 0.9129
 480/2152 [=====>........................] - ETA: 7:26 - loss: 0.1952 - acc: 0.9167
 512/2152 [======>.......................] - ETA: 7:17 - loss: 0.1888 - acc: 0.9199
 544/2152 [======>.......................] - ETA: 7:09 - loss: 0.1845 - acc: 0.9210
 576/2152 [=======>......................] - ETA: 7:00 - loss: 0.1790 - acc: 0.9219
 608/2152 [=======>......................] - ETA: 6:52 - loss: 0.1836 - acc: 0.9227
 640/2152 [=======>......................] - ETA: 6:43 - loss: 0.1915 - acc: 0.9187
 672/2152 [========>.....................] - ETA: 6:35 - loss: 0.1865 - acc: 0.9211
 704/2152 [========>.....................] - ETA: 6:27 - loss: 0.1860 - acc: 0.9219
 736/2152 [=========>....................] - ETA: 6:18 - loss: 0.1847 - acc: 0.9226
 768/2152 [=========>....................] - ETA: 6:10 - loss: 0.1841 - acc: 0.9245
 800/2152 [==========>...................] - ETA: 6:01 - loss: 0.1811 - acc: 0.9263
 832/2152 [==========>...................] - ETA: 5:52 - loss: 0.1774 - acc: 0.9267
 864/2152 [===========>..................] - ETA: 5:44 - loss: 0.1750 - acc: 0.9282
 896/2152 [===========>..................] - ETA: 5:36 - loss: 0.1744 - acc: 0.9286
 928/2152 [===========>..................] - ETA: 5:27 - loss: 0.1705 - acc: 0.9310
 960/2152 [============>.................] - ETA: 5:18 - loss: 0.1690 - acc: 0.9313
 992/2152 [============>.................] - ETA: 5:10 - loss: 0.1669 - acc: 0.9325
1024/2152 [=============>................] - ETA: 5:01 - loss: 0.1637 - acc: 0.9346
1056/2152 [=============>................] - ETA: 4:53 - loss: 0.1610 - acc: 0.9366
1088/2152 [==============>...............] - ETA: 4:44 - loss: 0.1659 - acc: 0.9357
1120/2152 [==============>...............] - ETA: 4:36 - loss: 0.1639 - acc: 0.9366
1152/2152 [===============>..............] - ETA: 4:27 - loss: 0.1649 - acc: 0.9366
1184/2152 [===============>..............] - ETA: 4:19 - loss: 0.1627 - acc: 0.9375
1216/2152 [===============>..............] - ETA: 4:10 - loss: 0.1597 - acc: 0.9391
1248/2152 [================>.............] - ETA: 4:02 - loss: 0.1565 - acc: 0.9399
1280/2152 [================>.............] - ETA: 3:55 - loss: 0.1540 - acc: 0.9406
1312/2152 [=================>............] - ETA: 3:46 - loss: 0.1524 - acc: 0.9421
1344/2152 [=================>............] - ETA: 3:38 - loss: 0.1538 - acc: 0.9412
1376/2152 [==================>...........] - ETA: 3:29 - loss: 0.1535 - acc: 0.9411
1408/2152 [==================>...........] - ETA: 3:20 - loss: 0.1518 - acc: 0.9418
1440/2152 [===================>..........] - ETA: 3:12 - loss: 0.1499 - acc: 0.9424
1472/2152 [===================>..........] - ETA: 3:03 - loss: 0.1483 - acc: 0.9429
1504/2152 [===================>..........] - ETA: 2:54 - loss: 0.1461 - acc: 0.9435
1536/2152 [====================>.........] - ETA: 2:46 - loss: 0.1445 - acc: 0.9440
1568/2152 [====================>.........] - ETA: 2:37 - loss: 0.1434 - acc: 0.9439
1600/2152 [=====================>........] - ETA: 2:28 - loss: 0.1431 - acc: 0.9437
1632/2152 [=====================>........] - ETA: 2:20 - loss: 0.1409 - acc: 0.9449
1664/2152 [======================>.......] - ETA: 2:11 - loss: 0.1397 - acc: 0.9459
1696/2152 [======================>.......] - ETA: 2:02 - loss: 0.1386 - acc: 0.9458
1728/2152 [=======================>......] - ETA: 1:54 - loss: 0.1368 - acc: 0.9468
1760/2152 [=======================>......] - ETA: 1:45 - loss: 0.1344 - acc: 0.9477
1792/2152 [=======================>......] - ETA: 1:36 - loss: 0.1349 - acc: 0.9481
1824/2152 [========================>.....] - ETA: 1:28 - loss: 0.1330 - acc: 0.9490
1856/2152 [========================>.....] - ETA: 1:19 - loss: 0.1333 - acc: 0.9494
1888/2152 [=========================>....] - ETA: 1:11 - loss: 0.1325 - acc: 0.9497
1920/2152 [=========================>....] - ETA: 1:02 - loss: 0.1306 - acc: 0.9505
1952/2152 [==========================>...] - ETA: 53s - loss: 0.1339 - acc: 0.9503 
1984/2152 [==========================>...] - ETA: 45s - loss: 0.1331 - acc: 0.9506
2016/2152 [===========================>..] - ETA: 36s - loss: 0.1320 - acc: 0.9509
2048/2152 [===========================>..] - ETA: 27s - loss: 0.1310 - acc: 0.9512
2080/2152 [===========================>..] - ETA: 19s - loss: 0.1295 - acc: 0.9519
2112/2152 [============================>.] - ETA: 10s - loss: 0.1290 - acc: 0.9517
2144/2152 [============================>.] - ETA: 2s - loss: 0.1276 - acc: 0.9524 
2152/2152 [==============================] - 783s 364ms/step - loss: 0.1273 - acc: 0.9526 - val_loss: 0.3194 - val_acc: 0.9118
hold-out :2/4
downloading vgg16 weight data...
*********download success*********
****train data reading:..\data\output\train/2/*/0/*.jpg
****train data reading:..\data\output\train/2/*/1/*.jpg
****valid data reading:..\data\output\valid/2/*/0/*.jpg
****valid data reading:..\data\output\valid/2/*/1/*.jpg
Train on 2152 samples, validate on 2552 samples
Epoch 1/2

  32/2152 [..............................] - ETA: 9:49 - loss: 0.8590 - acc: 0.3438
  64/2152 [..............................] - ETA: 9:31 - loss: 0.7432 - acc: 0.4844
  96/2152 [>.............................] - ETA: 9:17 - loss: 0.7125 - acc: 0.5521
 128/2152 [>.............................] - ETA: 9:06 - loss: 0.6914 - acc: 0.5859
 160/2152 [=>............................] - ETA: 8:56 - loss: 0.6456 - acc: 0.6125
 192/2152 [=>............................] - ETA: 8:47 - loss: 0.6112 - acc: 0.6302
 224/2152 [==>...........................] - ETA: 8:39 - loss: 0.5918 - acc: 0.6473
 256/2152 [==>...........................] - ETA: 8:29 - loss: 0.5651 - acc: 0.6758
 288/2152 [===>..........................] - ETA: 8:20 - loss: 0.5463 - acc: 0.6979
 320/2152 [===>..........................] - ETA: 8:11 - loss: 0.5271 - acc: 0.7156
 352/2152 [===>..........................] - ETA: 8:02 - loss: 0.5099 - acc: 0.7330
 384/2152 [====>.........................] - ETA: 7:53 - loss: 0.5137 - acc: 0.7292
 416/2152 [====>.........................] - ETA: 7:44 - loss: 0.4902 - acc: 0.7452
 448/2152 [=====>........................] - ETA: 7:36 - loss: 0.4745 - acc: 0.7545
 480/2152 [=====>........................] - ETA: 7:27 - loss: 0.5063 - acc: 0.7458
 512/2152 [======>.......................] - ETA: 7:19 - loss: 0.5277 - acc: 0.7324
 544/2152 [======>.......................] - ETA: 7:10 - loss: 0.5066 - acc: 0.7445
 576/2152 [=======>......................] - ETA: 7:02 - loss: 0.5023 - acc: 0.7517
 608/2152 [=======>......................] - ETA: 6:53 - loss: 0.4891 - acc: 0.7599
 640/2152 [=======>......................] - ETA: 6:45 - loss: 0.4799 - acc: 0.7641
 672/2152 [========>.....................] - ETA: 6:37 - loss: 0.4735 - acc: 0.7679
 704/2152 [========>.....................] - ETA: 6:28 - loss: 0.4667 - acc: 0.7727
 736/2152 [=========>....................] - ETA: 6:19 - loss: 0.4551 - acc: 0.7785
 768/2152 [=========>....................] - ETA: 6:11 - loss: 0.4544 - acc: 0.7799
 800/2152 [==========>...................] - ETA: 6:02 - loss: 0.4502 - acc: 0.7850
 832/2152 [==========>...................] - ETA: 5:54 - loss: 0.4506 - acc: 0.7861
 864/2152 [===========>..................] - ETA: 5:45 - loss: 0.4505 - acc: 0.7870
 896/2152 [===========>..................] - ETA: 5:36 - loss: 0.4451 - acc: 0.7913
 928/2152 [===========>..................] - ETA: 5:28 - loss: 0.4374 - acc: 0.7963
 960/2152 [============>.................] - ETA: 5:20 - loss: 0.4270 - acc: 0.8021
 992/2152 [============>.................] - ETA: 5:11 - loss: 0.4317 - acc: 0.7974
1024/2152 [=============>................] - ETA: 5:02 - loss: 0.4378 - acc: 0.7959
1056/2152 [=============>................] - ETA: 4:54 - loss: 0.4321 - acc: 0.7992
1088/2152 [==============>...............] - ETA: 4:45 - loss: 0.4303 - acc: 0.7996
1120/2152 [==============>...............] - ETA: 4:37 - loss: 0.4334 - acc: 0.7973
1152/2152 [===============>..............] - ETA: 4:28 - loss: 0.4339 - acc: 0.7977
1184/2152 [===============>..............] - ETA: 4:19 - loss: 0.4301 - acc: 0.7990
1216/2152 [===============>..............] - ETA: 4:11 - loss: 0.4257 - acc: 0.8010
1248/2152 [================>.............] - ETA: 4:02 - loss: 0.4208 - acc: 0.8037
1280/2152 [================>.............] - ETA: 3:54 - loss: 0.4243 - acc: 0.8047
1312/2152 [=================>............] - ETA: 3:45 - loss: 0.4217 - acc: 0.8056
1344/2152 [=================>............] - ETA: 3:36 - loss: 0.4154 - acc: 0.8080
1376/2152 [==================>...........] - ETA: 3:28 - loss: 0.4118 - acc: 0.8096
1408/2152 [==================>...........] - ETA: 3:19 - loss: 0.4080 - acc: 0.8111
1440/2152 [===================>..........] - ETA: 3:11 - loss: 0.4035 - acc: 0.8139
1472/2152 [===================>..........] - ETA: 3:02 - loss: 0.4012 - acc: 0.8145
1504/2152 [===================>..........] - ETA: 2:54 - loss: 0.4011 - acc: 0.8158
1536/2152 [====================>.........] - ETA: 2:45 - loss: 0.4055 - acc: 0.8138
1568/2152 [====================>.........] - ETA: 2:36 - loss: 0.3988 - acc: 0.8170
1600/2152 [=====================>........] - ETA: 2:28 - loss: 0.4042 - acc: 0.8156
1632/2152 [=====================>........] - ETA: 2:19 - loss: 0.4017 - acc: 0.8168
1664/2152 [======================>.......] - ETA: 2:10 - loss: 0.3994 - acc: 0.8185
1696/2152 [======================>.......] - ETA: 2:02 - loss: 0.3965 - acc: 0.8202
1728/2152 [=======================>......] - ETA: 1:53 - loss: 0.3912 - acc: 0.8235
1760/2152 [=======================>......] - ETA: 1:45 - loss: 0.3871 - acc: 0.8250
1792/2152 [=======================>......] - ETA: 1:36 - loss: 0.3845 - acc: 0.8270
1824/2152 [========================>.....] - ETA: 1:27 - loss: 0.3815 - acc: 0.8289
1856/2152 [========================>.....] - ETA: 1:19 - loss: 0.3793 - acc: 0.8314
1888/2152 [=========================>....] - ETA: 1:10 - loss: 0.3826 - acc: 0.8289
1920/2152 [=========================>....] - ETA: 1:02 - loss: 0.3812 - acc: 0.8307
1952/2152 [==========================>...] - ETA: 53s - loss: 0.3775 - acc: 0.8325 
1984/2152 [==========================>...] - ETA: 45s - loss: 0.3734 - acc: 0.8342
2016/2152 [===========================>..] - ETA: 36s - loss: 0.3700 - acc: 0.8358
2048/2152 [===========================>..] - ETA: 27s - loss: 0.3674 - acc: 0.8374
2080/2152 [===========================>..] - ETA: 19s - loss: 0.3631 - acc: 0.8399
2112/2152 [============================>.] - ETA: 10s - loss: 0.3621 - acc: 0.8400
2144/2152 [============================>.] - ETA: 2s - loss: 0.3635 - acc: 0.8405 
2152/2152 [==============================] - 781s 363ms/step - loss: 0.3624 - acc: 0.8411 - val_loss: 0.2739 - val_acc: 0.8966
Epoch 2/2

  32/2152 [..............................] - ETA: 9:21 - loss: 0.1429 - acc: 0.9688
  64/2152 [..............................] - ETA: 9:17 - loss: 0.1297 - acc: 0.9688
  96/2152 [>.............................] - ETA: 9:13 - loss: 0.1047 - acc: 0.9792
 128/2152 [>.............................] - ETA: 9:05 - loss: 0.0957 - acc: 0.9766
 160/2152 [=>............................] - ETA: 8:56 - loss: 0.1085 - acc: 0.9688
 192/2152 [=>............................] - ETA: 8:48 - loss: 0.1096 - acc: 0.9635
 224/2152 [==>...........................] - ETA: 8:38 - loss: 0.1151 - acc: 0.9598
 256/2152 [==>...........................] - ETA: 8:27 - loss: 0.1072 - acc: 0.9648
 288/2152 [===>..........................] - ETA: 8:18 - loss: 0.1113 - acc: 0.9618
 320/2152 [===>..........................] - ETA: 8:09 - loss: 0.1137 - acc: 0.9625
 352/2152 [===>..........................] - ETA: 8:00 - loss: 0.1085 - acc: 0.9631
 384/2152 [====>.........................] - ETA: 7:51 - loss: 0.1017 - acc: 0.9661
 416/2152 [====>.........................] - ETA: 7:42 - loss: 0.0998 - acc: 0.9663
 448/2152 [=====>........................] - ETA: 7:34 - loss: 0.1202 - acc: 0.9554
 480/2152 [=====>........................] - ETA: 7:25 - loss: 0.1315 - acc: 0.9521
 512/2152 [======>.......................] - ETA: 7:20 - loss: 0.1356 - acc: 0.9512
 544/2152 [======>.......................] - ETA: 7:14 - loss: 0.1293 - acc: 0.9540
 576/2152 [=======>......................] - ETA: 7:06 - loss: 0.1255 - acc: 0.9566
 608/2152 [=======>......................] - ETA: 6:57 - loss: 0.1238 - acc: 0.9572
 640/2152 [=======>......................] - ETA: 6:48 - loss: 0.1225 - acc: 0.9578
 672/2152 [========>.....................] - ETA: 6:40 - loss: 0.1181 - acc: 0.9598
 704/2152 [========>.....................] - ETA: 6:31 - loss: 0.1180 - acc: 0.9588
 736/2152 [=========>....................] - ETA: 6:28 - loss: 0.1156 - acc: 0.9592
 768/2152 [=========>....................] - ETA: 6:20 - loss: 0.1120 - acc: 0.9609
 800/2152 [==========>...................] - ETA: 6:12 - loss: 0.1158 - acc: 0.9575
 832/2152 [==========>...................] - ETA: 6:04 - loss: 0.1183 - acc: 0.9567
 864/2152 [===========>..................] - ETA: 5:55 - loss: 0.1242 - acc: 0.9560
 896/2152 [===========>..................] - ETA: 5:46 - loss: 0.1206 - acc: 0.9576
 928/2152 [===========>..................] - ETA: 5:37 - loss: 0.1183 - acc: 0.9591
 960/2152 [============>.................] - ETA: 5:28 - loss: 0.1169 - acc: 0.9583
 992/2152 [============>.................] - ETA: 5:19 - loss: 0.1158 - acc: 0.9587
1024/2152 [=============>................] - ETA: 5:10 - loss: 0.1182 - acc: 0.9570
1056/2152 [=============>................] - ETA: 5:00 - loss: 0.1167 - acc: 0.9583
1088/2152 [==============>...............] - ETA: 4:51 - loss: 0.1157 - acc: 0.9586
1120/2152 [==============>...............] - ETA: 4:42 - loss: 0.1146 - acc: 0.9580
1152/2152 [===============>..............] - ETA: 4:33 - loss: 0.1175 - acc: 0.9566
1184/2152 [===============>..............] - ETA: 4:24 - loss: 0.1169 - acc: 0.9569
1216/2152 [===============>..............] - ETA: 4:15 - loss: 0.1153 - acc: 0.9581
1248/2152 [================>.............] - ETA: 4:06 - loss: 0.1236 - acc: 0.9567
1280/2152 [================>.............] - ETA: 3:58 - loss: 0.1216 - acc: 0.9578
1312/2152 [=================>............] - ETA: 3:49 - loss: 0.1192 - acc: 0.9588
1344/2152 [=================>............] - ETA: 3:40 - loss: 0.1184 - acc: 0.9591
1376/2152 [==================>...........] - ETA: 3:31 - loss: 0.1166 - acc: 0.9600
1408/2152 [==================>...........] - ETA: 3:22 - loss: 0.1146 - acc: 0.9609
1440/2152 [===================>..........] - ETA: 3:14 - loss: 0.1143 - acc: 0.9604
1472/2152 [===================>..........] - ETA: 3:05 - loss: 0.1139 - acc: 0.9606
1504/2152 [===================>..........] - ETA: 2:56 - loss: 0.1124 - acc: 0.9608
1536/2152 [====================>.........] - ETA: 2:47 - loss: 0.1117 - acc: 0.9603
1568/2152 [====================>.........] - ETA: 2:38 - loss: 0.1130 - acc: 0.9598
1600/2152 [=====================>........] - ETA: 2:29 - loss: 0.1115 - acc: 0.9600
1632/2152 [=====================>........] - ETA: 2:21 - loss: 0.1116 - acc: 0.9596
1664/2152 [======================>.......] - ETA: 2:12 - loss: 0.1104 - acc: 0.9603
1696/2152 [======================>.......] - ETA: 2:04 - loss: 0.1098 - acc: 0.9599
1728/2152 [=======================>......] - ETA: 1:55 - loss: 0.1086 - acc: 0.9606
1760/2152 [=======================>......] - ETA: 1:46 - loss: 0.1101 - acc: 0.9597
1792/2152 [=======================>......] - ETA: 1:37 - loss: 0.1096 - acc: 0.9598
1824/2152 [========================>.....] - ETA: 1:29 - loss: 0.1110 - acc: 0.9583
1856/2152 [========================>.....] - ETA: 1:20 - loss: 0.1125 - acc: 0.9580
1888/2152 [=========================>....] - ETA: 1:12 - loss: 0.1111 - acc: 0.9587
1920/2152 [=========================>....] - ETA: 1:03 - loss: 0.1132 - acc: 0.9583
1952/2152 [==========================>...] - ETA: 54s - loss: 0.1133 - acc: 0.9580 
1984/2152 [==========================>...] - ETA: 45s - loss: 0.1129 - acc: 0.9582
2016/2152 [===========================>..] - ETA: 37s - loss: 0.1118 - acc: 0.9588
2048/2152 [===========================>..] - ETA: 28s - loss: 0.1105 - acc: 0.9595
2080/2152 [===========================>..] - ETA: 19s - loss: 0.1114 - acc: 0.9587
2112/2152 [============================>.] - ETA: 10s - loss: 0.1103 - acc: 0.9593
2144/2152 [============================>.] - ETA: 2s - loss: 0.1105 - acc: 0.9594 
2152/2152 [==============================] - 790s 367ms/step - loss: 0.1106 - acc: 0.9591 - val_loss: 0.4490 - val_acc: 0.8809
hold-out :3/4
downloading vgg16 weight data...
*********download success*********
****train data reading:..\data\output\train/3/*/0/*.jpg
****train data reading:..\data\output\train/3/*/1/*.jpg
****valid data reading:..\data\output\valid/3/*/0/*.jpg
****valid data reading:..\data\output\valid/3/*/1/*.jpg
Train on 2152 samples, validate on 2552 samples
Epoch 1/2

  32/2152 [..............................] - ETA: 9:41 - loss: 1.3109 - acc: 0.3125
  64/2152 [..............................] - ETA: 9:20 - loss: 0.9585 - acc: 0.5312
  96/2152 [>.............................] - ETA: 9:11 - loss: 0.9526 - acc: 0.5625
 128/2152 [>.............................] - ETA: 9:01 - loss: 0.9065 - acc: 0.5859
 160/2152 [=>............................] - ETA: 8:51 - loss: 0.8539 - acc: 0.6000
 192/2152 [=>............................] - ETA: 8:42 - loss: 0.8245 - acc: 0.5833
 224/2152 [==>...........................] - ETA: 8:35 - loss: 0.7829 - acc: 0.6027
 256/2152 [==>...........................] - ETA: 8:24 - loss: 0.7473 - acc: 0.6250
 288/2152 [===>..........................] - ETA: 8:16 - loss: 0.7102 - acc: 0.6493
 320/2152 [===>..........................] - ETA: 8:07 - loss: 0.6888 - acc: 0.6656
 352/2152 [===>..........................] - ETA: 7:59 - loss: 0.6653 - acc: 0.6818
 384/2152 [====>.........................] - ETA: 7:50 - loss: 0.6487 - acc: 0.6901
 416/2152 [====>.........................] - ETA: 7:42 - loss: 0.6309 - acc: 0.6971
 448/2152 [=====>........................] - ETA: 7:33 - loss: 0.6077 - acc: 0.7098
 480/2152 [=====>........................] - ETA: 7:24 - loss: 0.5825 - acc: 0.7229
 512/2152 [======>.......................] - ETA: 7:15 - loss: 0.5643 - acc: 0.7305
 544/2152 [======>.......................] - ETA: 7:06 - loss: 0.5554 - acc: 0.7353
 576/2152 [=======>......................] - ETA: 6:57 - loss: 0.5707 - acc: 0.7361
 608/2152 [=======>......................] - ETA: 6:49 - loss: 0.5540 - acc: 0.7434
 640/2152 [=======>......................] - ETA: 6:40 - loss: 0.5410 - acc: 0.7484
 672/2152 [========>.....................] - ETA: 6:31 - loss: 0.5354 - acc: 0.7515
 704/2152 [========>.....................] - ETA: 6:23 - loss: 0.5264 - acc: 0.7571
 736/2152 [=========>....................] - ETA: 6:14 - loss: 0.5123 - acc: 0.7636
 768/2152 [=========>....................] - ETA: 6:06 - loss: 0.5013 - acc: 0.7695
 800/2152 [==========>...................] - ETA: 5:57 - loss: 0.4895 - acc: 0.7762
 832/2152 [==========>...................] - ETA: 5:49 - loss: 0.4818 - acc: 0.7788
 864/2152 [===========>..................] - ETA: 5:40 - loss: 0.4732 - acc: 0.7824
 896/2152 [===========>..................] - ETA: 5:32 - loss: 0.4670 - acc: 0.7846
 928/2152 [===========>..................] - ETA: 5:23 - loss: 0.4556 - acc: 0.7909
 960/2152 [============>.................] - ETA: 5:15 - loss: 0.4479 - acc: 0.7937
 992/2152 [============>.................] - ETA: 5:06 - loss: 0.4388 - acc: 0.7974
1024/2152 [=============>................] - ETA: 4:58 - loss: 0.4294 - acc: 0.8027
1056/2152 [=============>................] - ETA: 4:49 - loss: 0.4255 - acc: 0.8049
1088/2152 [==============>...............] - ETA: 4:41 - loss: 0.4272 - acc: 0.8042
1120/2152 [==============>...............] - ETA: 4:32 - loss: 0.4359 - acc: 0.8045
1152/2152 [===============>..............] - ETA: 4:24 - loss: 0.4251 - acc: 0.8099
1184/2152 [===============>..............] - ETA: 4:16 - loss: 0.4228 - acc: 0.8133
1216/2152 [===============>..............] - ETA: 4:07 - loss: 0.4204 - acc: 0.8150
1248/2152 [================>.............] - ETA: 3:59 - loss: 0.4152 - acc: 0.8181
1280/2152 [================>.............] - ETA: 3:50 - loss: 0.4106 - acc: 0.8195
1312/2152 [=================>............] - ETA: 3:42 - loss: 0.4053 - acc: 0.8216
1344/2152 [=================>............] - ETA: 3:33 - loss: 0.4061 - acc: 0.8222
1376/2152 [==================>...........] - ETA: 3:25 - loss: 0.4106 - acc: 0.8190
1408/2152 [==================>...........] - ETA: 3:16 - loss: 0.4099 - acc: 0.8203
1440/2152 [===================>..........] - ETA: 3:08 - loss: 0.4077 - acc: 0.8208
1472/2152 [===================>..........] - ETA: 2:59 - loss: 0.4036 - acc: 0.8227
1504/2152 [===================>..........] - ETA: 2:51 - loss: 0.3998 - acc: 0.8245
1536/2152 [====================>.........] - ETA: 2:42 - loss: 0.3945 - acc: 0.8275
1568/2152 [====================>.........] - ETA: 2:34 - loss: 0.3909 - acc: 0.8291
1600/2152 [=====================>........] - ETA: 2:25 - loss: 0.3885 - acc: 0.8300
1632/2152 [=====================>........] - ETA: 2:17 - loss: 0.3855 - acc: 0.8303
1664/2152 [======================>.......] - ETA: 2:08 - loss: 0.3813 - acc: 0.8317
1696/2152 [======================>.......] - ETA: 2:00 - loss: 0.3779 - acc: 0.8331
1728/2152 [=======================>......] - ETA: 1:51 - loss: 0.3745 - acc: 0.8356
1760/2152 [=======================>......] - ETA: 1:43 - loss: 0.3695 - acc: 0.8375
1792/2152 [=======================>......] - ETA: 1:35 - loss: 0.3663 - acc: 0.8393
1824/2152 [========================>.....] - ETA: 1:26 - loss: 0.3684 - acc: 0.8377
1856/2152 [========================>.....] - ETA: 1:18 - loss: 0.4084 - acc: 0.8346
1888/2152 [=========================>....] - ETA: 1:09 - loss: 0.4259 - acc: 0.8289
1920/2152 [=========================>....] - ETA: 1:01 - loss: 0.4272 - acc: 0.8271
1952/2152 [==========================>...] - ETA: 52s - loss: 0.4318 - acc: 0.8238 
1984/2152 [==========================>...] - ETA: 44s - loss: 0.4335 - acc: 0.8216
2016/2152 [===========================>..] - ETA: 35s - loss: 0.4351 - acc: 0.8194
2048/2152 [===========================>..] - ETA: 27s - loss: 0.4374 - acc: 0.8179
2080/2152 [===========================>..] - ETA: 19s - loss: 0.4391 - acc: 0.8163
2112/2152 [============================>.] - ETA: 10s - loss: 0.4404 - acc: 0.8153
2144/2152 [============================>.] - ETA: 2s - loss: 0.4402 - acc: 0.8162 
2152/2152 [==============================] - 780s 362ms/step - loss: 0.4404 - acc: 0.8160 - val_loss: 0.4291 - val_acc: 0.8060
Epoch 2/2

  32/2152 [..............................] - ETA: 9:28 - loss: 0.4847 - acc: 0.7188
  64/2152 [..............................] - ETA: 9:23 - loss: 0.4813 - acc: 0.7500
  96/2152 [>.............................] - ETA: 9:18 - loss: 0.4298 - acc: 0.7812
 128/2152 [>.............................] - ETA: 9:12 - loss: 0.3974 - acc: 0.7969
 160/2152 [=>............................] - ETA: 9:02 - loss: 0.4180 - acc: 0.7937
 192/2152 [=>............................] - ETA: 8:54 - loss: 0.4344 - acc: 0.7865
 224/2152 [==>...........................] - ETA: 8:44 - loss: 0.4322 - acc: 0.7902
 256/2152 [==>...........................] - ETA: 8:33 - loss: 0.4210 - acc: 0.8047
 288/2152 [===>..........................] - ETA: 8:23 - loss: 0.4330 - acc: 0.8056
 320/2152 [===>..........................] - ETA: 8:13 - loss: 0.4603 - acc: 0.8000
 352/2152 [===>..........................] - ETA: 8:03 - loss: 0.4461 - acc: 0.8068
 384/2152 [====>.........................] - ETA: 7:54 - loss: 0.4203 - acc: 0.8229
 416/2152 [====>.........................] - ETA: 7:45 - loss: 0.4143 - acc: 0.8269
 448/2152 [=====>........................] - ETA: 7:35 - loss: 0.4083 - acc: 0.8281
 480/2152 [=====>........................] - ETA: 7:26 - loss: 0.3995 - acc: 0.8333
 512/2152 [======>.......................] - ETA: 7:18 - loss: 0.3929 - acc: 0.8359
 544/2152 [======>.......................] - ETA: 7:10 - loss: 0.3783 - acc: 0.8438
 576/2152 [=======>......................] - ETA: 7:03 - loss: 0.3687 - acc: 0.8455
 608/2152 [=======>......................] - ETA: 6:55 - loss: 0.3612 - acc: 0.8487
 640/2152 [=======>......................] - ETA: 6:48 - loss: 0.3572 - acc: 0.8500
 672/2152 [========>.....................] - ETA: 6:40 - loss: 0.3554 - acc: 0.8512
 704/2152 [========>.....................] - ETA: 6:31 - loss: 0.3543 - acc: 0.8523
 736/2152 [=========>....................] - ETA: 6:22 - loss: 0.3529 - acc: 0.8505
 768/2152 [=========>....................] - ETA: 6:13 - loss: 0.3478 - acc: 0.8542
 800/2152 [==========>...................] - ETA: 6:04 - loss: 0.3524 - acc: 0.8500
 832/2152 [==========>...................] - ETA: 5:55 - loss: 0.3492 - acc: 0.8522
 864/2152 [===========>..................] - ETA: 5:46 - loss: 0.3468 - acc: 0.8542
 896/2152 [===========>..................] - ETA: 5:37 - loss: 0.3490 - acc: 0.8538
 928/2152 [===========>..................] - ETA: 5:28 - loss: 0.3476 - acc: 0.8545
 960/2152 [============>.................] - ETA: 5:19 - loss: 0.3468 - acc: 0.8531
 992/2152 [============>.................] - ETA: 5:11 - loss: 0.3479 - acc: 0.8518
1024/2152 [=============>................] - ETA: 5:02 - loss: 0.3446 - acc: 0.8545
1056/2152 [=============>................] - ETA: 4:53 - loss: 0.3383 - acc: 0.8570
1088/2152 [==============>...............] - ETA: 4:45 - loss: 0.3327 - acc: 0.8594
1120/2152 [==============>...............] - ETA: 4:36 - loss: 0.3318 - acc: 0.8607
1152/2152 [===============>..............] - ETA: 4:27 - loss: 0.3276 - acc: 0.8620
1184/2152 [===============>..............] - ETA: 4:19 - loss: 0.3247 - acc: 0.8649
1216/2152 [===============>..............] - ETA: 4:10 - loss: 0.3209 - acc: 0.8668
1248/2152 [================>.............] - ETA: 4:01 - loss: 0.3240 - acc: 0.8662
1280/2152 [================>.............] - ETA: 3:53 - loss: 0.3205 - acc: 0.8680
1312/2152 [=================>............] - ETA: 3:44 - loss: 0.3222 - acc: 0.8659
1344/2152 [=================>............] - ETA: 3:36 - loss: 0.3168 - acc: 0.8683
1376/2152 [==================>...........] - ETA: 3:27 - loss: 0.3127 - acc: 0.8692
1408/2152 [==================>...........] - ETA: 3:19 - loss: 0.3141 - acc: 0.8679
1440/2152 [===================>..........] - ETA: 3:10 - loss: 0.3117 - acc: 0.8694
1472/2152 [===================>..........] - ETA: 3:01 - loss: 0.3104 - acc: 0.8696
1504/2152 [===================>..........] - ETA: 2:53 - loss: 0.3063 - acc: 0.8717
1536/2152 [====================>.........] - ETA: 2:44 - loss: 0.3028 - acc: 0.8724
1568/2152 [====================>.........] - ETA: 2:35 - loss: 0.3026 - acc: 0.8718
1600/2152 [=====================>........] - ETA: 2:27 - loss: 0.2993 - acc: 0.8738
1632/2152 [=====================>........] - ETA: 2:18 - loss: 0.2966 - acc: 0.8750
1664/2152 [======================>.......] - ETA: 2:10 - loss: 0.2967 - acc: 0.8750
1696/2152 [======================>.......] - ETA: 2:01 - loss: 0.2956 - acc: 0.8750
1728/2152 [=======================>......] - ETA: 1:53 - loss: 0.2943 - acc: 0.8756
1760/2152 [=======================>......] - ETA: 1:44 - loss: 0.2918 - acc: 0.8756
1792/2152 [=======================>......] - ETA: 1:36 - loss: 0.2893 - acc: 0.8767
1824/2152 [========================>.....] - ETA: 1:27 - loss: 0.2879 - acc: 0.8766
1856/2152 [========================>.....] - ETA: 1:18 - loss: 0.2861 - acc: 0.8772
1888/2152 [=========================>....] - ETA: 1:10 - loss: 0.2868 - acc: 0.8776
1920/2152 [=========================>....] - ETA: 1:01 - loss: 0.2831 - acc: 0.8792
1952/2152 [==========================>...] - ETA: 53s - loss: 0.2835 - acc: 0.8791 
1984/2152 [==========================>...] - ETA: 44s - loss: 0.2845 - acc: 0.8790
2016/2152 [===========================>..] - ETA: 36s - loss: 0.2821 - acc: 0.8795
2048/2152 [===========================>..] - ETA: 27s - loss: 0.2798 - acc: 0.8804
2080/2152 [===========================>..] - ETA: 19s - loss: 0.2826 - acc: 0.8808
2112/2152 [============================>.] - ETA: 10s - loss: 0.2825 - acc: 0.8802
2144/2152 [============================>.] - ETA: 2s - loss: 0.2832 - acc: 0.8806 
2152/2152 [==============================] - 776s 361ms/step - loss: 0.2842 - acc: 0.8801 - val_loss: 0.4096 - val_acc: 0.8664
hold-out :4/4
downloading vgg16 weight data...
*********download success*********
****train data reading:..\data\output\train/4/*/0/*.jpg
****train data reading:..\data\output\train/4/*/1/*.jpg
****valid data reading:..\data\output\valid/4/*/0/*.jpg
****valid data reading:..\data\output\valid/4/*/1/*.jpg
Train on 2152 samples, validate on 2552 samples
Epoch 1/2

  32/2152 [..............................] - ETA: 9:36 - loss: 1.0483 - acc: 0.6250
  64/2152 [..............................] - ETA: 9:19 - loss: 0.9691 - acc: 0.5781
  96/2152 [>.............................] - ETA: 9:05 - loss: 0.8770 - acc: 0.5521
 128/2152 [>.............................] - ETA: 8:56 - loss: 0.8707 - acc: 0.5156
 160/2152 [=>............................] - ETA: 8:47 - loss: 0.8281 - acc: 0.5437
 192/2152 [=>............................] - ETA: 8:39 - loss: 0.7879 - acc: 0.5677
 224/2152 [==>...........................] - ETA: 8:30 - loss: 0.7490 - acc: 0.6027
 256/2152 [==>...........................] - ETA: 8:21 - loss: 0.7096 - acc: 0.6289
 288/2152 [===>..........................] - ETA: 8:13 - loss: 0.6895 - acc: 0.6285
 320/2152 [===>..........................] - ETA: 8:04 - loss: 0.6598 - acc: 0.6500
 352/2152 [===>..........................] - ETA: 7:56 - loss: 0.6431 - acc: 0.6562
 384/2152 [====>.........................] - ETA: 7:47 - loss: 0.6152 - acc: 0.6771
 416/2152 [====>.........................] - ETA: 7:39 - loss: 0.6040 - acc: 0.6899
 448/2152 [=====>........................] - ETA: 7:30 - loss: 0.6006 - acc: 0.6875
 480/2152 [=====>........................] - ETA: 7:22 - loss: 0.5821 - acc: 0.7000
 512/2152 [======>.......................] - ETA: 7:13 - loss: 0.5629 - acc: 0.7109
 544/2152 [======>.......................] - ETA: 7:04 - loss: 0.5504 - acc: 0.7206
 576/2152 [=======>......................] - ETA: 6:56 - loss: 0.5287 - acc: 0.7326
 608/2152 [=======>......................] - ETA: 6:47 - loss: 0.5281 - acc: 0.7368
 640/2152 [=======>......................] - ETA: 6:39 - loss: 0.5156 - acc: 0.7453
 672/2152 [========>.....................] - ETA: 6:30 - loss: 0.5043 - acc: 0.7515
 704/2152 [========>.....................] - ETA: 6:23 - loss: 0.4977 - acc: 0.7571
 736/2152 [=========>....................] - ETA: 6:14 - loss: 0.4886 - acc: 0.7609
 768/2152 [=========>....................] - ETA: 6:06 - loss: 0.4804 - acc: 0.7656
 800/2152 [==========>...................] - ETA: 5:58 - loss: 0.4746 - acc: 0.7700
 832/2152 [==========>...................] - ETA: 5:50 - loss: 0.4756 - acc: 0.7716
 864/2152 [===========>..................] - ETA: 5:41 - loss: 0.4746 - acc: 0.7743
 896/2152 [===========>..................] - ETA: 5:32 - loss: 0.4677 - acc: 0.7790
 928/2152 [===========>..................] - ETA: 5:24 - loss: 0.4639 - acc: 0.7791
 960/2152 [============>.................] - ETA: 5:15 - loss: 0.4567 - acc: 0.7833
 992/2152 [============>.................] - ETA: 5:07 - loss: 0.4553 - acc: 0.7823
1024/2152 [=============>................] - ETA: 4:58 - loss: 0.4470 - acc: 0.7871
1056/2152 [=============>................] - ETA: 4:50 - loss: 0.4394 - acc: 0.7917
1088/2152 [==============>...............] - ETA: 4:42 - loss: 0.4292 - acc: 0.7969
1120/2152 [==============>...............] - ETA: 4:33 - loss: 0.4294 - acc: 0.7991
1152/2152 [===============>..............] - ETA: 4:24 - loss: 0.4234 - acc: 0.8012
1184/2152 [===============>..............] - ETA: 4:16 - loss: 0.4177 - acc: 0.8041
1216/2152 [===============>..............] - ETA: 4:08 - loss: 0.4163 - acc: 0.8043
1248/2152 [================>.............] - ETA: 3:59 - loss: 0.4116 - acc: 0.8061
1280/2152 [================>.............] - ETA: 3:50 - loss: 0.4105 - acc: 0.8063
1312/2152 [=================>............] - ETA: 3:42 - loss: 0.4066 - acc: 0.8087
1344/2152 [=================>............] - ETA: 3:34 - loss: 0.4200 - acc: 0.8036
1376/2152 [==================>...........] - ETA: 3:25 - loss: 0.4192 - acc: 0.8052
1408/2152 [==================>...........] - ETA: 3:17 - loss: 0.4166 - acc: 0.8061
1440/2152 [===================>..........] - ETA: 3:08 - loss: 0.4139 - acc: 0.8063
1472/2152 [===================>..........] - ETA: 3:00 - loss: 0.4097 - acc: 0.8084
1504/2152 [===================>..........] - ETA: 2:51 - loss: 0.4075 - acc: 0.8105
1536/2152 [====================>.........] - ETA: 2:43 - loss: 0.4013 - acc: 0.8138
1568/2152 [====================>.........] - ETA: 2:34 - loss: 0.3994 - acc: 0.8157
1600/2152 [=====================>........] - ETA: 2:26 - loss: 0.3949 - acc: 0.8181
1632/2152 [=====================>........] - ETA: 2:17 - loss: 0.3918 - acc: 0.8192
1664/2152 [======================>.......] - ETA: 2:09 - loss: 0.3903 - acc: 0.8203
1696/2152 [======================>.......] - ETA: 2:00 - loss: 0.3872 - acc: 0.8213
1728/2152 [=======================>......] - ETA: 1:52 - loss: 0.3838 - acc: 0.8229
1760/2152 [=======================>......] - ETA: 1:43 - loss: 0.3832 - acc: 0.8227
1792/2152 [=======================>......] - ETA: 1:35 - loss: 0.3769 - acc: 0.8259
1824/2152 [========================>.....] - ETA: 1:26 - loss: 0.3731 - acc: 0.8279
1856/2152 [========================>.....] - ETA: 1:18 - loss: 0.3704 - acc: 0.8287
1888/2152 [=========================>....] - ETA: 1:09 - loss: 0.3692 - acc: 0.8289
1920/2152 [=========================>....] - ETA: 1:01 - loss: 0.3705 - acc: 0.8281
1952/2152 [==========================>...] - ETA: 52s - loss: 0.3678 - acc: 0.8284 
1984/2152 [==========================>...] - ETA: 44s - loss: 0.3645 - acc: 0.8291
2016/2152 [===========================>..] - ETA: 36s - loss: 0.3615 - acc: 0.8309
2048/2152 [===========================>..] - ETA: 27s - loss: 0.3567 - acc: 0.8335
2080/2152 [===========================>..] - ETA: 19s - loss: 0.3528 - acc: 0.8356
2112/2152 [============================>.] - ETA: 10s - loss: 0.3491 - acc: 0.8376
2144/2152 [============================>.] - ETA: 2s - loss: 0.3495 - acc: 0.8382 
2152/2152 [==============================] - 774s 360ms/step - loss: 0.3500 - acc: 0.8374 - val_loss: 0.4838 - val_acc: 0.8660
Epoch 2/2

  32/2152 [..............................] - ETA: 9:16 - loss: 0.1627 - acc: 0.9062
  64/2152 [..............................] - ETA: 9:05 - loss: 0.1949 - acc: 0.9219
  96/2152 [>.............................] - ETA: 8:59 - loss: 0.1653 - acc: 0.9375
 128/2152 [>.............................] - ETA: 8:49 - loss: 0.1462 - acc: 0.9453
 160/2152 [=>............................] - ETA: 8:43 - loss: 0.1717 - acc: 0.9375
 192/2152 [=>............................] - ETA: 8:37 - loss: 0.1657 - acc: 0.9323
 224/2152 [==>...........................] - ETA: 8:31 - loss: 0.1758 - acc: 0.9241
 256/2152 [==>...........................] - ETA: 8:24 - loss: 0.1674 - acc: 0.9258
 288/2152 [===>..........................] - ETA: 8:16 - loss: 0.1658 - acc: 0.9201
 320/2152 [===>..........................] - ETA: 8:07 - loss: 0.1559 - acc: 0.9250
 352/2152 [===>..........................] - ETA: 7:58 - loss: 0.1624 - acc: 0.9233
 384/2152 [====>.........................] - ETA: 7:49 - loss: 0.1648 - acc: 0.9193
 416/2152 [====>.........................] - ETA: 7:41 - loss: 0.1612 - acc: 0.9231
 448/2152 [=====>........................] - ETA: 7:32 - loss: 0.1558 - acc: 0.9263
 480/2152 [=====>........................] - ETA: 7:23 - loss: 0.1565 - acc: 0.9271
 512/2152 [======>.......................] - ETA: 7:15 - loss: 0.1517 - acc: 0.9277
 544/2152 [======>.......................] - ETA: 7:06 - loss: 0.1461 - acc: 0.9301
 576/2152 [=======>......................] - ETA: 6:57 - loss: 0.1458 - acc: 0.9306
 608/2152 [=======>......................] - ETA: 6:49 - loss: 0.1413 - acc: 0.9326
 640/2152 [=======>......................] - ETA: 6:40 - loss: 0.1456 - acc: 0.9313
 672/2152 [========>.....................] - ETA: 6:31 - loss: 0.1463 - acc: 0.9301
 704/2152 [========>.....................] - ETA: 6:23 - loss: 0.1410 - acc: 0.9332
 736/2152 [=========>....................] - ETA: 6:14 - loss: 0.1419 - acc: 0.9321
 768/2152 [=========>....................] - ETA: 6:06 - loss: 0.1386 - acc: 0.9336
 800/2152 [==========>...................] - ETA: 5:57 - loss: 0.1393 - acc: 0.9325
 832/2152 [==========>...................] - ETA: 5:49 - loss: 0.1384 - acc: 0.9327
 864/2152 [===========>..................] - ETA: 5:40 - loss: 0.1405 - acc: 0.9317
 896/2152 [===========>..................] - ETA: 5:32 - loss: 0.1418 - acc: 0.9308
 928/2152 [===========>..................] - ETA: 5:23 - loss: 0.1393 - acc: 0.9321
 960/2152 [============>.................] - ETA: 5:15 - loss: 0.1371 - acc: 0.9333
 992/2152 [============>.................] - ETA: 5:06 - loss: 0.1350 - acc: 0.9345
1024/2152 [=============>................] - ETA: 4:58 - loss: 0.1352 - acc: 0.9346
1056/2152 [=============>................] - ETA: 4:50 - loss: 0.1359 - acc: 0.9337
1088/2152 [==============>...............] - ETA: 4:41 - loss: 0.1350 - acc: 0.9347
1120/2152 [==============>...............] - ETA: 4:32 - loss: 0.1336 - acc: 0.9357
1152/2152 [===============>..............] - ETA: 4:24 - loss: 0.1308 - acc: 0.9375
1184/2152 [===============>..............] - ETA: 4:16 - loss: 0.1311 - acc: 0.9375
1216/2152 [===============>..............] - ETA: 4:07 - loss: 0.1287 - acc: 0.9391
1248/2152 [================>.............] - ETA: 3:59 - loss: 0.1261 - acc: 0.9407
1280/2152 [================>.............] - ETA: 3:51 - loss: 0.1238 - acc: 0.9422
1312/2152 [=================>............] - ETA: 3:42 - loss: 0.1227 - acc: 0.9421
1344/2152 [=================>............] - ETA: 3:34 - loss: 0.1207 - acc: 0.9427
1376/2152 [==================>...........] - ETA: 3:25 - loss: 0.1221 - acc: 0.9426
1408/2152 [==================>...........] - ETA: 3:17 - loss: 0.1205 - acc: 0.9439
1440/2152 [===================>..........] - ETA: 3:09 - loss: 0.1200 - acc: 0.9444
1472/2152 [===================>..........] - ETA: 3:00 - loss: 0.1185 - acc: 0.9450
1504/2152 [===================>..........] - ETA: 2:52 - loss: 0.1188 - acc: 0.9448
1536/2152 [====================>.........] - ETA: 2:43 - loss: 0.1167 - acc: 0.9460
1568/2152 [====================>.........] - ETA: 2:35 - loss: 0.1295 - acc: 0.9432
1600/2152 [=====================>........] - ETA: 2:26 - loss: 0.1508 - acc: 0.9369
1632/2152 [=====================>........] - ETA: 2:18 - loss: 0.1577 - acc: 0.9338
1664/2152 [======================>.......] - ETA: 2:09 - loss: 0.1610 - acc: 0.9303
1696/2152 [======================>.......] - ETA: 2:01 - loss: 0.1632 - acc: 0.9292
1728/2152 [=======================>......] - ETA: 1:52 - loss: 0.1646 - acc: 0.9288
1760/2152 [=======================>......] - ETA: 1:44 - loss: 0.1695 - acc: 0.9267
1792/2152 [=======================>......] - ETA: 1:35 - loss: 0.1693 - acc: 0.9275
1824/2152 [========================>.....] - ETA: 1:27 - loss: 0.1690 - acc: 0.9276
1856/2152 [========================>.....] - ETA: 1:18 - loss: 0.1681 - acc: 0.9283
1888/2152 [=========================>....] - ETA: 1:10 - loss: 0.1687 - acc: 0.9280
1920/2152 [=========================>....] - ETA: 1:01 - loss: 0.1684 - acc: 0.9281
1952/2152 [==========================>...] - ETA: 53s - loss: 0.1670 - acc: 0.9283 
1984/2152 [==========================>...] - ETA: 44s - loss: 0.1656 - acc: 0.9289
2016/2152 [===========================>..] - ETA: 36s - loss: 0.1659 - acc: 0.9286
2048/2152 [===========================>..] - ETA: 27s - loss: 0.1660 - acc: 0.9282
2080/2152 [===========================>..] - ETA: 19s - loss: 0.1655 - acc: 0.9279
2112/2152 [============================>.] - ETA: 10s - loss: 0.1643 - acc: 0.9285
2144/2152 [============================>.] - ETA: 2s - loss: 0.1633 - acc: 0.9291 
2152/2152 [==============================] - 774s 360ms/step - loss: 0.1633 - acc: 0.9289 - val_loss: 0.6444 - val_acc: 0.8566
********end********
